[tool-version] Z3 4.8.8
[mk-app] #1 true
[mk-app] #2 false
[mk-app] #1 true
[mk-app] #2 false
[mk-app] #3 pi
[mk-app] #4 euler
[mk-app] #5 A
[mk-app] #6 B
[mk-app] #7 C
[mk-app] #8 bv
[attach-meaning] #8 bv #x1
[mk-app] #9 bvule #5 #8
[mk-app] #10 bv
[attach-meaning] #10 bv #x3
[mk-app] #11 bvule #6 #10
[mk-app] #12 bv
[attach-meaning] #12 bv #x9
[mk-app] #13 bvult #7 #12
[mk-app] #14 bv
[attach-meaning] #14 bv #x0
[mk-app] #15 = #7 #14
[attach-meaning] #14 bv #x0
[mk-app] #16 = #6 #14
[mk-app] #17 and #15 #16
[attach-meaning] #14 bv #x0
[mk-app] #18 = #5 #14
[mk-app] #19 => #17 #18
[mk-app] #20 extract #8
[mk-app] #21 extract #5
[mk-app] #22 bvule #21 #20
[mk-app] #23 bv
[attach-meaning] #23 bv #b000
[mk-app] #24 extract #5
[mk-app] #25 = #24 #23
[mk-app] #26 and #25 #22
[inst-discovered] theory-solving 0000000000000000 bv# ; #9
[mk-app] #27 = #9 #26
[instance] 0000000000000000 #27
[attach-enode] #27 0
[end-of-instance]
[mk-app] #27 bv
[attach-meaning] #27 bv #b1
[inst-discovered] theory-solving 0000000000000000 bv# ; #20
[mk-app] #28 = #20 #27
[instance] 0000000000000000 #28
[attach-enode] #28 0
[end-of-instance]
[mk-app] #28 bvule #21 #27
[inst-discovered] theory-solving 0000000000000000 bv# ; #28
[mk-app] #29 = #28 #1
[instance] 0000000000000000 #29
[attach-enode] #29 0
[end-of-instance]
[mk-app] #27 and #25 #1
[inst-discovered] theory-solving 0000000000000000 basic# ; #27
[mk-app] #28 = #27 #25
[instance] 0000000000000000 #28
[attach-enode] #28 0
[end-of-instance]
[mk-app] #3 string
[mk-app] #4 string
[mk-app] #5 string
[mk-app] #6 string
[mk-app] #7 cr
[mk-app] #8 compose #7 #4
[mk-app] #9 string
[mk-app] #10 compose #9 #3 #8 #6
[mk-app] #11 indent #10
[mk-app] #12 string
[mk-app] #13 compose #12 #5
[mk-app] #14 indent #13
[mk-app] #15 compose #14 #11
[mk-app] #16 compose #9 #4
[mk-app] #17 compose #9 #3 #16 #6
[mk-app] #18 indent #17
[mk-app] #19 compose #14 #18
[mk-app] #20 choice #19 #15
[mk-app] #12 string
[mk-app] #5 string
[mk-app] #13 string
[mk-app] #14 string
[mk-app] #3 string
[mk-app] #9 cr
[mk-app] #4 compose #9 #13 #9 #14
[mk-app] #16 string
[mk-app] #6 compose #16 #5 #4 #3
[mk-app] #17 indent #6
[mk-app] #18 string
[mk-app] #19 string
[mk-app] #7 compose #19 #18 #17
[mk-app] #8 compose #16 #13 #16 #14
[mk-app] #10 compose #16 #5 #8 #3
[mk-app] #11 indent #10
[mk-app] #15 compose #19 #18 #11
[mk-app] #20 choice #15 #7
[mk-app] #21 compose #9 #12
[mk-app] #22 compose #21 #3
[mk-app] #23 indent #22
[mk-app] #24 compose #19 #20
[mk-app] #25 indent #24
[mk-app] #26 compose #25 #23
[mk-app] #27 compose #16 #12
[mk-app] #28 compose #27 #3
[mk-app] #29 indent #28
[mk-app] #30 compose #19 #15
[mk-app] #31 indent #30
[mk-app] #32 compose #31 #29
[mk-app] #33 choice #32 #26
[mk-app] #34 string
[mk-app] #35 string
[mk-app] #36 compose #9 #34
[mk-app] #37 compose #16 #33 #36 #3
[mk-app] #38 indent #37
[mk-app] #39 compose #19 #35
[mk-app] #40 indent #39
[mk-app] #41 compose #40 #38
[mk-app] #42 compose #16 #34
[mk-app] #43 compose #16 #32 #42 #3
[mk-app] #44 indent #43
[mk-app] #45 compose #40 #44
[mk-app] #46 choice #45 #41
[mk-app] #27 extract #10
[mk-app] #28 extract #6
[mk-app] #29 bvule #28 #27
[mk-app] #30 bv
[attach-meaning] #30 bv #b00
[mk-app] #31 extract #6
[mk-app] #32 = #31 #30
[mk-app] #33 and #32 #29
[inst-discovered] theory-solving 0000000000000000 bv# ; #11
[mk-app] #34 = #11 #33
[instance] 0000000000000000 #34
[attach-enode] #34 0
[end-of-instance]
[mk-app] #34 bv
[attach-meaning] #34 bv #b11
[inst-discovered] theory-solving 0000000000000000 bv# ; #27
[mk-app] #35 = #27 #34
[instance] 0000000000000000 #35
[attach-enode] #35 0
[end-of-instance]
[mk-app] #35 bvule #28 #34
[inst-discovered] theory-solving 0000000000000000 bv# ; #35
[mk-app] #36 = #35 #1
[instance] 0000000000000000 #36
[attach-enode] #36 0
[end-of-instance]
[mk-app] #34 and #32 #1
[inst-discovered] theory-solving 0000000000000000 basic# ; #34
[mk-app] #35 = #34 #32
[instance] 0000000000000000 #35
[attach-enode] #35 0
[end-of-instance]
[mk-app] #19 string
[mk-app] #35 string
[mk-app] #39 string
[mk-app] #40 string
[mk-app] #18 cr
[mk-app] #5 compose #18 #35
[mk-app] #13 string
[mk-app] #16 compose #13 #19 #5 #40
[mk-app] #14 indent #16
[mk-app] #8 string
[mk-app] #3 compose #8 #39
[mk-app] #10 indent #3
[mk-app] #11 compose #10 #14
[mk-app] #15 compose #13 #35
[mk-app] #30 compose #13 #19 #15 #40
[mk-app] #31 indent #30
[mk-app] #12 compose #10 #31
[mk-app] #27 choice #12 #11
[mk-app] #8 string
[mk-app] #39 string
[mk-app] #3 string
[mk-app] #10 string
[mk-app] #19 string
[mk-app] #13 cr
[mk-app] #35 compose #13 #3 #13 #10
[mk-app] #15 string
[mk-app] #40 compose #15 #39 #35 #19
[mk-app] #30 indent #40
[mk-app] #31 string
[mk-app] #12 string
[mk-app] #18 compose #12 #31 #30
[mk-app] #5 compose #15 #3 #15 #10
[mk-app] #16 compose #15 #39 #5 #19
[mk-app] #14 indent #16
[mk-app] #11 compose #12 #31 #14
[mk-app] #27 choice #11 #18
[mk-app] #28 compose #13 #8
[mk-app] #29 compose #28 #19
[mk-app] #32 indent #29
[mk-app] #34 compose #12 #27
[mk-app] #42 indent #34
[mk-app] #43 compose #42 #32
[mk-app] #44 compose #15 #8
[mk-app] #45 compose #44 #19
[mk-app] #9 indent #45
[mk-app] #4 compose #12 #11
[mk-app] #6 indent #4
[mk-app] #17 compose #6 #9
[mk-app] #7 choice #17 #43
[mk-app] #20 string
[mk-app] #24 string
[mk-app] #25 compose #13 #20
[mk-app] #21 compose #15 #7 #25 #19
[mk-app] #22 indent #21
[mk-app] #23 compose #12 #24
[mk-app] #26 indent #23
[mk-app] #33 compose #26 #22
[mk-app] #36 compose #15 #20
[mk-app] #37 compose #15 #17 #36 #19
[mk-app] #38 indent #37
[mk-app] #41 compose #26 #38
[mk-app] #46 choice #41 #33
[mk-app] #34 bvule #12 #7
[mk-app] #35 not #34
[inst-discovered] theory-solving 0000000000000000 bv# ; #13
[mk-app] #36 = #13 #35
[instance] 0000000000000000 #36
[attach-enode] #36 0
[end-of-instance]
[mk-app] #12 string
[mk-app] #24 string
[mk-app] #23 string
[mk-app] #26 string
[mk-app] #31 cr
[mk-app] #39 compose #31 #24
[mk-app] #3 string
[mk-app] #15 compose #3 #12 #39 #26
[mk-app] #10 indent #15
[mk-app] #5 string
[mk-app] #19 compose #5 #23
[mk-app] #16 indent #19
[mk-app] #14 compose #16 #10
[mk-app] #11 compose #3 #24
[mk-app] #4 compose #3 #12 #11 #26
[mk-app] #6 indent #4
[mk-app] #8 compose #16 #6
[mk-app] #44 choice #8 #14
[mk-app] #5 string
[mk-app] #23 string
[mk-app] #19 string
[mk-app] #16 string
[mk-app] #12 cr
[mk-app] #3 compose #12 #23
[mk-app] #24 string
[mk-app] #11 compose #24 #5 #3 #16
[mk-app] #26 indent #11
[mk-app] #4 string
[mk-app] #6 compose #4 #19
[mk-app] #8 indent #6
[mk-app] #31 compose #8 #26
[mk-app] #39 compose #24 #23
[mk-app] #15 compose #24 #5 #39 #16
[mk-app] #10 indent #15
[mk-app] #14 compose #8 #10
[mk-app] #44 choice #14 #31
[mk-app] #45 string
[mk-app] #9 compose
[mk-app] #17 compose #24 #44 #9 #16
[mk-app] #20 indent #17
[mk-app] #36 compose #4 #45
[mk-app] #37 indent #36
[mk-app] #38 compose #37 #20
[mk-app] #41 compose #24 #14 #9 #16
[mk-app] #13 indent #41
[mk-app] #35 compose #37 #13
[mk-app] #40 choice #35 #38
[mk-app] #36 not #17
[mk-app] #37 or #36 #18
[inst-discovered] theory-solving 0000000000000000 basic# ; #19
[mk-app] #38 = #19 #37
[instance] 0000000000000000 #38
[attach-enode] #38 0
[end-of-instance]
[mk-app] #4 string
[mk-app] #45 string
[mk-app] #36 string
[mk-app] #37 string
[mk-app] #19 cr
[mk-app] #6 compose #19 #45
[mk-app] #8 string
[mk-app] #5 compose #8 #4 #6 #37
[mk-app] #24 indent #5
[mk-app] #23 string
[mk-app] #39 compose #23 #36
[mk-app] #16 indent #39
[mk-app] #15 compose #16 #24
[mk-app] #10 compose #8 #45
[mk-app] #14 compose #8 #4 #10 #37
[mk-app] #9 indent #14
[mk-app] #41 compose #16 #9
[mk-app] #13 choice #41 #15
[mk-app] #35 string
[mk-app] #12 compose #8 #35 #6 #37
[mk-app] #3 indent #12
[mk-app] #11 compose #16 #3
[mk-app] #26 compose #8 #35 #10 #37
[mk-app] #31 indent #26
[mk-app] #44 compose #16 #31
[mk-app] #17 choice #44 #11
[mk-app] #20 string
[mk-app] #38 compose #19 #17
[mk-app] #40 compose #8 #13 #38 #37
[mk-app] #30 indent #40
[mk-app] #18 compose #23 #20
[mk-app] #27 indent #18
[mk-app] #34 compose #27 #30
[mk-app] #42 compose #8 #44
[mk-app] #28 compose #8 #41 #42 #37
[mk-app] #29 indent #28
[mk-app] #32 compose #27 #29
[mk-app] #43 choice #32 #34
[mk-app] #7 string
[mk-app] #25 compose #8 #7 #6 #37
[mk-app] #21 indent #25
[mk-app] #22 compose #16 #21
[mk-app] #33 compose #8 #7 #10 #37
[mk-app] #46 indent #33
[mk-app] #47 compose #16 #46
[mk-app] #48 choice #47 #22
[mk-app] #49 string
[mk-app] #50 compose #19 #48
[mk-app] #51 compose #8 #43 #50 #37
[mk-app] #52 indent #51
[mk-app] #53 compose #23 #49
[mk-app] #54 indent #53
[mk-app] #55 compose #54 #52
[mk-app] #56 compose #8 #47
[mk-app] #57 compose #8 #32 #56 #37
[mk-app] #58 indent #57
[mk-app] #59 compose #54 #58
[mk-app] #60 choice #59 #55
[mk-app] #23 string
[mk-app] #49 string
[mk-app] #53 string
[mk-app] #54 string
[mk-app] #20 cr
[mk-app] #18 compose #20 #49
[mk-app] #27 string
[mk-app] #36 compose #27 #23 #18 #54
[mk-app] #39 indent #36
[mk-app] #16 string
[mk-app] #4 compose #16 #53
[mk-app] #8 indent #4
[mk-app] #45 compose #8 #39
[mk-app] #10 compose #27 #49
[mk-app] #37 compose #27 #23 #10 #54
[mk-app] #14 indent #37
[mk-app] #9 compose #8 #14
[mk-app] #41 choice #9 #45
[mk-app] #35 string
[mk-app] #26 compose #27 #35 #18 #54
[mk-app] #31 indent #26
[mk-app] #44 compose #8 #31
[mk-app] #42 compose #27 #35 #10 #54
[mk-app] #28 indent #42
[mk-app] #29 compose #8 #28
[mk-app] #32 choice #29 #44
[mk-app] #7 string
[mk-app] #33 compose #20 #32
[mk-app] #46 compose #27 #41 #33 #54
[mk-app] #47 indent #46
[mk-app] #56 compose #16 #7
[mk-app] #57 indent #56
[mk-app] #58 compose #57 #47
[mk-app] #59 compose #27 #29
[mk-app] #19 compose #27 #9 #59 #54
[mk-app] #6 indent #19
[mk-app] #5 compose #57 #6
[mk-app] #24 choice #5 #58
[mk-app] #15 string
[mk-app] #13 compose
[mk-app] #12 compose #27 #24 #13 #54
[mk-app] #3 indent #12
[mk-app] #11 compose #16 #15
[mk-app] #17 indent #11
[mk-app] #38 compose #17 #3
[mk-app] #40 compose #27 #5 #13 #54
[mk-app] #30 indent #40
[mk-app] #34 compose #17 #30
[mk-app] #43 choice #34 #38
[mk-app] #25 string
[mk-app] #21 compose #27 #25 #18 #54
[mk-app] #22 indent #21
[mk-app] #48 compose #8 #22
[mk-app] #50 compose #27 #25 #10 #54
[mk-app] #51 indent #50
[mk-app] #52 compose #8 #51
[mk-app] #55 choice #52 #48
[mk-app] #60 string
[mk-app] #61 compose #20 #55
[mk-app] #62 compose #27 #43 #61 #54
[mk-app] #63 indent #62
[mk-app] #64 compose #16 #60
[mk-app] #65 indent #64
[mk-app] #66 compose #65 #63
[mk-app] #67 compose #27 #52
[mk-app] #68 compose #27 #34 #67 #54
[mk-app] #69 indent #68
[mk-app] #70 compose #65 #69
[mk-app] #71 choice #70 #66
[mk-app] #21 k!0
[mk-app] #20 k!1
[mk-app] #22 k!2
[mk-app] #26 k!3
[mk-app] #28 mkbv #21 #20 #22 #26
[mk-app] #27 mkbv #20 #22 #26
[mk-app] #29 mkbv #2 #2 #2
[mk-app] #33 not #20
[mk-app] #38 not #22
[mk-app] #39 not #26
[mk-app] #40 or #20 #22 #26
[mk-app] #41 not #40
[mk-app] #16 string
[mk-app] #60 string
[mk-app] #64 string
[mk-app] #65 string
[mk-app] #15 string
[mk-app] #11 cr
[mk-app] #17 compose #11 #64 #11 #65
[mk-app] #7 string
[mk-app] #56 compose #7 #60 #17 #15
[mk-app] #57 indent #56
[mk-app] #53 string
[mk-app] #4 string
[mk-app] #8 compose #4 #53 #57
[mk-app] #23 compose #7 #64 #7 #65
[mk-app] #27 compose #7 #60 #23 #15
[mk-app] #49 indent #27
[mk-app] #10 compose #4 #53 #49
[mk-app] #54 choice #10 #8
[mk-app] #37 compose #11 #16
[mk-app] #14 compose #37 #15
[mk-app] #9 indent #14
[mk-app] #35 compose #4 #54
[mk-app] #42 indent #35
[mk-app] #28 compose #42 #9
[mk-app] #29 compose #7 #16
[mk-app] #59 compose #29 #15
[mk-app] #19 indent #59
[mk-app] #6 compose #4 #10
[mk-app] #5 indent #6
[mk-app] #13 compose #5 #19
[mk-app] #40 choice #13 #28
[mk-app] #30 string
[mk-app] #34 string
[mk-app] #25 compose #11 #30
[mk-app] #50 compose #7 #40 #25 #15
[mk-app] #51 indent #50
[mk-app] #52 compose #4 #34
[mk-app] #67 indent #52
[mk-app] #68 compose #67 #51
[mk-app] #69 compose #7 #30
[mk-app] #70 compose #7 #13 #69 #15
[mk-app] #20 indent #70
[mk-app] #18 compose #67 #20
[mk-app] #36 choice #18 #68
[mk-app] #4 string
[mk-app] #34 string
[mk-app] #52 string
[mk-app] #67 string
[mk-app] #53 string
[mk-app] #60 cr
[mk-app] #64 compose #60 #34 #60 #52
[mk-app] #7 string
[mk-app] #65 compose #7 #4 #64 #53
[mk-app] #23 indent #65
[mk-app] #15 string
[mk-app] #27 compose #15 #67
[mk-app] #49 indent #27
[mk-app] #10 compose #49 #23
[mk-app] #6 compose #7 #34 #7 #52
[mk-app] #5 compose #7 #4 #6 #53
[mk-app] #16 indent #5
[mk-app] #29 compose #49 #16
[mk-app] #59 choice #29 #10
[mk-app] #19 string
[mk-app] #13 compose
[mk-app] #30 compose #7 #59 #13 #53
[mk-app] #69 indent #30
[mk-app] #70 compose #15 #19
[mk-app] #20 indent #70
[mk-app] #18 compose #20 #69
[mk-app] #11 compose #7 #29 #13 #53
[mk-app] #17 indent #11
[mk-app] #56 compose #20 #17
[mk-app] #57 choice #56 #18
[mk-app] #29 not #20
[mk-app] #27 not #22
[mk-app] #39 not #26
[mk-app] #38 k!4
[mk-app] #33 k!5
[mk-app] #42 k!6
[mk-app] #43 k!7
[mk-app] #44 mkbv #38 #33 #42 #43
[mk-app] #45 mkbv #42 #43
[mk-app] #46 mkbv #2 #2
[mk-app] #47 not #42
[mk-app] #48 not #43
[mk-app] #49 or #42 #43
[mk-app] #50 not #49
[mk-app] #15 string
[mk-app] #19 string
[mk-app] #70 string
[mk-app] #20 string
[mk-app] #67 string
[mk-app] #27 cr
[mk-app] #49 compose #27 #70 #27 #20
[mk-app] #4 string
[mk-app] #34 compose #4 #19 #49 #67
[mk-app] #7 indent #34
[mk-app] #52 string
[mk-app] #6 string
[mk-app] #53 compose #6 #52 #7
[mk-app] #5 compose #4 #70 #4 #20
[mk-app] #16 compose #4 #19 #5 #67
[mk-app] #29 indent #16
[mk-app] #13 compose #6 #52 #29
[mk-app] #11 choice #13 #53
[mk-app] #17 compose #27 #15
[mk-app] #56 compose #17 #67
[mk-app] #60 indent #56
[mk-app] #64 compose #6 #11
[mk-app] #65 indent #64
[mk-app] #23 compose #65 #60
[mk-app] #10 compose #4 #15
[mk-app] #59 compose #10 #67
[mk-app] #30 indent #59
[mk-app] #69 compose #6 #13
[mk-app] #18 indent #69
[mk-app] #57 compose #18 #30
[mk-app] #8 choice #57 #23
[mk-app] #54 string
[mk-app] #35 string
[mk-app] #42 compose #27 #54
[mk-app] #37 compose #4 #8 #42 #67
[mk-app] #14 indent #37
[mk-app] #9 compose #6 #35
[mk-app] #28 indent #9
[mk-app] #40 compose #28 #14
[mk-app] #25 compose #4 #54
[mk-app] #50 compose #4 #57 #25 #67
[mk-app] #51 indent #50
[mk-app] #68 compose #28 #51
[mk-app] #36 choice #68 #40
[mk-app] #6 string
[mk-app] #35 string
[mk-app] #9 string
[mk-app] #28 string
[mk-app] #52 cr
[mk-app] #19 compose #52 #35
[mk-app] #70 string
[mk-app] #4 compose #70 #6 #19 #28
[mk-app] #20 indent #4
[mk-app] #5 string
[mk-app] #67 compose #5 #9
[mk-app] #16 indent #67
[mk-app] #29 compose #16 #20
[mk-app] #13 compose #70 #35
[mk-app] #69 compose #70 #6 #13 #28
[mk-app] #18 indent #69
[mk-app] #15 compose #16 #18
[mk-app] #10 choice #15 #29
[mk-app] #59 string
[mk-app] #30 compose
[mk-app] #57 compose #70 #10 #30 #28
[mk-app] #54 indent #57
[mk-app] #25 compose #5 #59
[mk-app] #50 indent #25
[mk-app] #51 compose #50 #54
[mk-app] #68 compose #70 #15 #30 #28
[mk-app] #27 indent #68
[mk-app] #49 compose #50 #27
[mk-app] #34 choice #49 #51
[mk-app] #40 not #42
[mk-app] #41 not #43
[mk-app] #46 mkbv #1 #2 #2 #1
[mk-app] #45 k!8
[mk-app] #48 k!9
[mk-app] #47 k!10
[mk-app] #51 k!11
[mk-app] #52 mkbv #45 #48 #47 #51
[mk-app] #53 not #48
[mk-app] #53 not #45
[mk-app] #53 not #48
[mk-app] #54 not #45
[mk-app] #55 or #53 #54
[mk-app] #56 not #55
[mk-app] #57 or #45 #48 #56
[mk-app] #58 not #47
[mk-app] #58 not #57
[mk-app] #58 not #47
[mk-app] #59 not #57
[mk-app] #60 or #58 #59
[mk-app] #61 not #60
[mk-app] #62 or #47 #57 #61
[mk-app] #63 not #51
[mk-app] #63 not #62
[mk-app] #63 not #51
[mk-app] #64 not #62
[mk-app] #65 or #63 #64
[mk-app] #66 not #65
[mk-app] #46 not #66
[mk-app] #5 string
[mk-app] #59 string
[mk-app] #25 string
[mk-app] #50 string
[mk-app] #9 cr
[mk-app] #67 compose #9 #59
[mk-app] #16 string
[mk-app] #6 compose #16 #5 #67 #50
[mk-app] #70 indent #6
[mk-app] #35 string
[mk-app] #13 compose #35 #25
[mk-app] #28 indent #13
[mk-app] #69 compose #28 #70
[mk-app] #18 compose #16 #59
[mk-app] #15 compose #16 #5 #18 #50
[mk-app] #30 indent #15
[mk-app] #68 compose #28 #30
[mk-app] #27 choice #68 #69
[mk-app] #49 string
[mk-app] #52 compose
[mk-app] #19 compose #16 #27 #52 #50
[mk-app] #4 indent #19
[mk-app] #20 compose #35 #49
[mk-app] #29 indent #20
[mk-app] #10 compose #29 #4
[mk-app] #57 compose #16 #68 #52 #50
[mk-app] #54 indent #57
[mk-app] #51 compose #29 #54
[mk-app] #34 choice #51 #10
[mk-app] #35 string
[mk-app] #49 string
[mk-app] #20 string
[mk-app] #29 compose
[mk-app] #25 string
[mk-app] #13 compose #25 #35 #29 #20
[mk-app] #28 indent #13
[mk-app] #5 string
[mk-app] #16 compose #5 #49
[mk-app] #59 indent #16
[mk-app] #18 compose #59 #28
[mk-app] #50 choice #18 #18
[mk-app] #15 string
[mk-app] #30 string
[mk-app] #68 string
[mk-app] #52 compose #25 #68 #29 #20
[mk-app] #57 indent #52
[mk-app] #54 compose #59 #57
[mk-app] #51 choice #54 #54
[mk-app] #9 compose #25 #30 #29 #20
[mk-app] #67 indent #9
[mk-app] #6 compose #59 #67
[mk-app] #70 choice #6 #6
[mk-app] #69 string
[mk-app] #27 cr
[mk-app] #19 compose #27 #70
[mk-app] #4 compose #25 #51 #19 #20
[mk-app] #10 indent #4
[mk-app] #34 compose #5 #69
[mk-app] #7 indent #34
[mk-app] #53 compose #7 #10
[mk-app] #11 compose #25 #6
[mk-app] #64 compose #25 #54 #11 #20
[mk-app] #65 indent #64
[mk-app] #17 compose #7 #65
[mk-app] #56 choice #17 #53
[mk-app] #60 compose #25 #56 #29 #20
[mk-app] #23 indent #60
[mk-app] #8 compose #59 #23
[mk-app] #42 compose #25 #17 #29 #20
[mk-app] #37 indent #42
[mk-app] #14 compose #59 #37
[mk-app] #40 choice #14 #8
[mk-app] #36 compose #27 #68 #27 #40
[mk-app] #39 compose #25 #30 #36 #20
[mk-app] #45 indent #39
[mk-app] #41 compose #7 #45
[mk-app] #26 compose #25 #68 #25 #14
[mk-app] #31 compose #25 #30 #26 #20
[mk-app] #44 indent #31
[mk-app] #32 compose #7 #44
[mk-app] #33 choice #32 #41
[mk-app] #46 string
[mk-app] #47 compose #25 #15 #29 #20
[mk-app] #58 indent #47
[mk-app] #24 compose #59 #58
[mk-app] #12 choice #24 #24
[mk-app] #3 compose #25 #46 #29 #20
[mk-app] #38 indent #3
[mk-app] #43 compose #59 #38
[mk-app] #21 choice #43 #43
[mk-app] #22 compose #27 #21
[mk-app] #48 compose #25 #12 #22 #20
[mk-app] #55 indent #48
[mk-app] #61 compose #7 #55
[mk-app] #62 compose #25 #43
[mk-app] #63 compose #25 #24 #62 #20
[mk-app] #66 indent #63
[mk-app] #71 compose #7 #66
[mk-app] #72 choice #71 #61
[mk-app] #73 compose #25 #72 #29 #20
[mk-app] #74 indent #73
[mk-app] #75 compose #59 #74
[mk-app] #76 compose #25 #71 #29 #20
[mk-app] #77 indent #76
[mk-app] #78 compose #59 #77
[mk-app] #79 choice #78 #75
[mk-app] #80 compose #27 #46 #27 #79
[mk-app] #81 compose #25 #15 #80 #20
[mk-app] #82 indent #81
[mk-app] #83 compose #7 #82
[mk-app] #84 compose #25 #46 #25 #78
[mk-app] #85 compose #25 #15 #84 #20
[mk-app] #86 indent #85
[mk-app] #87 compose #7 #86
[mk-app] #88 choice #87 #83
[mk-app] #89 string
[mk-app] #90 compose #25 #89 #29 #20
[mk-app] #91 indent #90
[mk-app] #92 compose #59 #91
[mk-app] #93 choice #92 #92
[mk-app] #94 compose #27 #93
[mk-app] #95 compose #25 #50 #94 #20
[mk-app] #96 indent #95
[mk-app] #97 compose #7 #96
[mk-app] #98 compose #25 #92
[mk-app] #99 compose #25 #18 #98 #20
[mk-app] #100 indent #99
[mk-app] #101 compose #7 #100
[mk-app] #102 choice #101 #97
[mk-app] #103 compose #25 #102 #29 #20
[mk-app] #104 indent #103
[mk-app] #105 compose #59 #104
[mk-app] #106 compose #25 #101 #29 #20
[mk-app] #107 indent #106
[mk-app] #108 compose #59 #107
[mk-app] #109 choice #108 #105
[mk-app] #110 compose #25 #109 #29 #20
[mk-app] #111 indent #110
[mk-app] #112 compose #59 #111
[mk-app] #113 compose #25 #108 #29 #20
[mk-app] #114 indent #113
[mk-app] #115 compose #59 #114
[mk-app] #116 choice #115 #112
[mk-app] #117 compose #25 #33 #29 #20
[mk-app] #118 indent #117
[mk-app] #119 compose #5 #46 #118
[mk-app] #120 compose #25 #32 #29 #20
[mk-app] #121 indent #120
[mk-app] #122 compose #5 #46 #121
[mk-app] #123 choice #122 #119
[mk-app] #124 compose #25 #88 #29 #20
[mk-app] #125 indent #124
[mk-app] #126 compose #5 #89 #125
[mk-app] #127 compose #25 #87 #29 #20
[mk-app] #128 indent #127
[mk-app] #129 compose #5 #89 #128
[mk-app] #130 choice #129 #126
[mk-app] #131 string
[mk-app] #132 compose #29 #20
[mk-app] #133 indent #132
[mk-app] #134 compose #5 #123
[mk-app] #135 indent #134
[mk-app] #136 compose #135 #133
[mk-app] #137 compose #5 #122
[mk-app] #138 indent #137
[mk-app] #139 compose #138 #133
[mk-app] #140 choice #139 #136
[mk-app] #141 indent #140
[mk-app] #142 compose #5 #130
[mk-app] #143 indent #142
[mk-app] #144 compose #143 #133
[mk-app] #145 compose #5 #129
[mk-app] #146 indent #145
[mk-app] #147 compose #146 #133
[mk-app] #148 choice #147 #144
[mk-app] #149 indent #148
[mk-app] #150 compose #27 #116
[mk-app] #151 indent #150
[mk-app] #152 compose #131 #141 #27 #131 #149 #151 #20 #20
[mk-app] #49 mkbv #2 #2 #2 #2
[mk-app] #50 or #45 #48 #47 #51
[mk-app] #67 not #50
[mk-app] #49 mkbv #2 #2 #2 #2
[mk-app] #68 not #38
[mk-app] #69 not #33
[mk-app] #70 or #38 #33 #42 #43
[mk-app] #71 not #70
[mk-app] #49 and #67 #71
[mk-app] #69 not #49
[mk-app] #68 mkbv #2 #2 #2 #2
[mk-app] #72 not #21
[mk-app] #73 or #21 #20 #22 #26
[mk-app] #74 not #73
[mk-app] #68 or #69 #74
[mk-app] #46 string
[mk-app] #5 string
[mk-app] #69 string
[mk-app] #34 string
[mk-app] #7 cr
[mk-app] #49 compose #7 #5
[mk-app] #16 string
[mk-app] #59 compose #16 #46 #49 #34
[mk-app] #25 indent #59
[mk-app] #68 string
[mk-app] #29 compose #68 #69
[mk-app] #20 indent #29
[mk-app] #52 compose #20 #25
[mk-app] #57 compose #16 #5
[mk-app] #54 compose #16 #46 #57 #34
[mk-app] #30 indent #54
[mk-app] #9 compose #20 #30
[mk-app] #67 choice #9 #52
[mk-app] #6 string
[mk-app] #11 compose #16 #6 #49 #34
[mk-app] #64 indent #11
[mk-app] #65 compose #20 #64
[mk-app] #17 compose #16 #6 #57 #34
[mk-app] #42 indent #17
[mk-app] #37 compose #20 #42
[mk-app] #14 choice #37 #65
[mk-app] #26 string
[mk-app] #31 compose #7 #14
[mk-app] #44 compose #16 #67 #31 #34
[mk-app] #32 indent #44
[mk-app] #120 compose #68 #26
[mk-app] #121 indent #120
[mk-app] #122 compose #121 #32
[mk-app] #137 compose #16 #37
[mk-app] #138 compose #16 #9 #137 #34
[mk-app] #132 indent #138
[mk-app] #133 compose #121 #132
[mk-app] #139 choice #133 #122
[mk-app] #51 string
[mk-app] #27 compose
[mk-app] #70 compose #16 #139 #27 #34
[mk-app] #19 indent #70
[mk-app] #4 compose #68 #51
[mk-app] #10 indent #4
[mk-app] #53 compose #10 #19
[mk-app] #56 compose #16 #133 #27 #34
[mk-app] #60 indent #56
[mk-app] #23 compose #10 #60
[mk-app] #8 choice #23 #53
[mk-app] #40 string
[mk-app] #36 compose #16 #40 #49 #34
[mk-app] #39 indent #36
[mk-app] #45 compose #20 #39
[mk-app] #41 compose #16 #40 #57 #34
[mk-app] #33 indent #41
[mk-app] #117 compose #20 #33
[mk-app] #118 choice #117 #45
[mk-app] #119 string
[mk-app] #123 compose #7 #118
[mk-app] #134 compose #16 #8 #123 #34
[mk-app] #135 indent #134
[mk-app] #136 compose #68 #119
[mk-app] #140 indent #136
[mk-app] #141 compose #140 #135
[mk-app] #131 compose #16 #117
[mk-app] #89 compose #16 #23 #131 #34
[mk-app] #15 indent #89
[mk-app] #47 compose #140 #15
[mk-app] #58 choice #47 #141
[mk-app] #68 string
[mk-app] #119 string
[mk-app] #136 string
[mk-app] #140 string
[mk-app] #51 string
[mk-app] #4 string
[mk-app] #10 cr
[mk-app] #26 compose #10 #119 #10 #136 #10 #140
[mk-app] #120 string
[mk-app] #121 compose #120 #68 #26 #4
[mk-app] #69 indent #121
[mk-app] #29 string
[mk-app] #20 compose #29 #51
[mk-app] #46 indent #20
[mk-app] #16 compose #46 #69
[mk-app] #5 compose #120 #119 #120 #136 #120 #140
[mk-app] #57 compose #120 #68 #5 #4
[mk-app] #34 indent #57
[mk-app] #54 compose #46 #34
[mk-app] #30 choice #54 #16
[mk-app] #9 string
[mk-app] #6 compose
[mk-app] #17 compose #120 #30 #6 #4
[mk-app] #42 indent #17
[mk-app] #37 compose #29 #9
[mk-app] #137 indent #37
[mk-app] #138 compose #137 #42
[mk-app] #132 compose #120 #54 #6 #4
[mk-app] #133 indent #132
[mk-app] #27 compose #137 #133
[mk-app] #56 choice #27 #138
[mk-app] #60 string
[mk-app] #23 string
[mk-app] #40 string
[mk-app] #41 string
[mk-app] #33 compose #10 #23 #10 #40 #10 #41
[mk-app] #117 compose #120 #60 #33 #4
[mk-app] #131 indent #117
[mk-app] #89 compose #46 #131
[mk-app] #15 compose #120 #23 #120 #40 #120 #41
[mk-app] #47 compose #120 #60 #15 #4
[mk-app] #7 indent #47
[mk-app] #49 compose #46 #7
[mk-app] #59 choice #49 #89
[mk-app] #25 compose #120 #59 #6 #4
[mk-app] #52 indent #25
[mk-app] #67 compose #137 #52
[mk-app] #11 compose #120 #49 #6 #4
[mk-app] #64 indent #11
[mk-app] #65 compose #137 #64
[mk-app] #14 choice #65 #67
[mk-app] #31 string
[mk-app] #44 compose #10 #14
[mk-app] #32 compose #120 #56 #44 #4
[mk-app] #122 indent #32
[mk-app] #139 compose #29 #31
[mk-app] #70 indent #139
[mk-app] #19 compose #70 #122
[mk-app] #53 compose #120 #65
[mk-app] #8 compose #120 #27 #53 #4
[mk-app] #36 indent #8
[mk-app] #39 compose #70 #36
[mk-app] #45 choice #39 #19
[mk-app] #118 compose #120 #45 #6 #4
[mk-app] #123 indent #118
[mk-app] #134 compose #137 #123
[mk-app] #135 compose #120 #39 #6 #4
[mk-app] #141 indent #135
[mk-app] #58 compose #137 #141
[mk-app] #24 choice #58 #134
[mk-app] #3 string
[mk-app] #38 string
[mk-app] #43 string
[mk-app] #62 string
[mk-app] #63 string
[mk-app] #66 compose #10 #43 #10 #62 #10 #63
[mk-app] #71 compose #120 #38 #66 #4
[mk-app] #76 indent #71
[mk-app] #77 compose #46 #76
[mk-app] #78 compose #120 #43 #120 #62 #120 #63
[mk-app] #84 compose #120 #38 #78 #4
[mk-app] #85 indent #84
[mk-app] #86 compose #46 #85
[mk-app] #87 choice #86 #77
[mk-app] #127 compose #120 #87 #6 #4
[mk-app] #128 indent #127
[mk-app] #129 compose #137 #128
[mk-app] #145 compose #120 #86 #6 #4
[mk-app] #146 indent #145
[mk-app] #147 compose #137 #146
[mk-app] #12 choice #147 #129
[mk-app] #21 compose #10 #12
[mk-app] #22 compose #120 #3 #21 #4
[mk-app] #48 indent #22
[mk-app] #55 compose #46 #48
[mk-app] #61 compose #120 #147
[mk-app] #72 compose #120 #3 #61 #4
[mk-app] #73 indent #72
[mk-app] #74 compose #46 #73
[mk-app] #75 choice #74 #55
[mk-app] #79 compose #120 #24 #6 #4
[mk-app] #80 indent #79
[mk-app] #81 compose #29 #3 #80
[mk-app] #82 compose #120 #58 #6 #4
[mk-app] #83 indent #82
[mk-app] #88 compose #29 #3 #83
[mk-app] #124 choice #88 #81
[mk-app] #125 string
[mk-app] #126 compose #6 #4
[mk-app] #130 indent #126
[mk-app] #142 compose #29 #124
[mk-app] #143 indent #142
[mk-app] #144 compose #143 #130
[mk-app] #148 compose #29 #88
[mk-app] #149 indent #148
[mk-app] #35 compose #149 #130
[mk-app] #13 choice #35 #144
[mk-app] #28 indent #13
[mk-app] #18 compose #10 #75
[mk-app] #90 indent #18
[mk-app] #91 compose #125 #28 #90 #4
[mk-app] #125 string
[mk-app] #3 string
[mk-app] #29 string
[mk-app] #31 compose
[mk-app] #139 string
[mk-app] #70 compose #139 #125 #31 #29
[mk-app] #9 indent #70
[mk-app] #37 string
[mk-app] #137 compose #37 #3
[mk-app] #51 indent #137
[mk-app] #20 compose #51 #9
[mk-app] #46 choice #20 #20
[mk-app] #68 indent #46
[mk-app] #37 string
[mk-app] #3 string
[mk-app] #137 string
[mk-app] #51 compose
[mk-app] #139 string
[mk-app] #125 compose #139 #37 #51 #137
[mk-app] #31 indent #125
[mk-app] #29 string
[mk-app] #70 compose #29 #3
[mk-app] #9 indent #70
[mk-app] #20 compose #9 #31
[mk-app] #46 choice #20 #20
[mk-app] #68 indent #46
[mk-app] #29 string
[mk-app] #3 string
[mk-app] #70 string
[mk-app] #9 compose
[mk-app] #139 string
[mk-app] #37 compose #139 #29 #9 #70
[mk-app] #51 indent #37
[mk-app] #137 string
[mk-app] #125 compose #137 #3
[mk-app] #31 indent #125
[mk-app] #20 compose #31 #51
[mk-app] #46 choice #20 #20
[mk-app] #68 string
[mk-app] #119 string
[mk-app] #136 string
[mk-app] #120 compose #139 #136 #9 #70
[mk-app] #140 indent #120
[mk-app] #5 compose #31 #140
[mk-app] #4 choice #5 #5
[mk-app] #57 compose #139 #119 #9 #70
[mk-app] #34 indent #57
[mk-app] #54 compose #31 #34
[mk-app] #6 choice #54 #54
[mk-app] #132 string
[mk-app] #133 cr
[mk-app] #27 compose #133 #6
[mk-app] #60 compose #139 #4 #27 #70
[mk-app] #23 indent #60
[mk-app] #40 compose #137 #132
[mk-app] #41 indent #40
[mk-app] #15 compose #41 #23
[mk-app] #47 compose #139 #54
[mk-app] #7 compose #139 #5 #47 #70
[mk-app] #49 indent #7
[mk-app] #11 compose #41 #49
[mk-app] #64 choice #11 #15
[mk-app] #65 compose #139 #64 #9 #70
[mk-app] #53 indent #65
[mk-app] #8 compose #31 #53
[mk-app] #36 compose #139 #11 #9 #70
[mk-app] #39 indent #36
[mk-app] #135 compose #31 #39
[mk-app] #141 choice #135 #8
[mk-app] #58 compose #133 #136 #133 #141
[mk-app] #82 compose #139 #119 #58 #70
[mk-app] #83 indent #82
[mk-app] #88 compose #41 #83
[mk-app] #148 compose #139 #136 #139 #135
[mk-app] #149 compose #139 #119 #148 #70
[mk-app] #126 indent #149
[mk-app] #130 compose #41 #126
[mk-app] #35 choice #130 #88
[mk-app] #10 string
[mk-app] #26 compose #139 #68 #9 #70
[mk-app] #121 indent #26
[mk-app] #69 compose #31 #121
[mk-app] #16 choice #69 #69
[mk-app] #30 compose #139 #10 #9 #70
[mk-app] #17 indent #30
[mk-app] #42 compose #31 #17
[mk-app] #138 choice #42 #42
[mk-app] #56 compose #133 #138
[mk-app] #33 compose #139 #16 #56 #70
[mk-app] #117 indent #33
[mk-app] #131 compose #41 #117
[mk-app] #89 compose #139 #42
[mk-app] #59 compose #139 #69 #89 #70
[mk-app] #25 indent #59
[mk-app] #52 compose #41 #25
[mk-app] #67 choice #52 #131
[mk-app] #14 compose #139 #67 #9 #70
[mk-app] #44 indent #14
[mk-app] #32 compose #31 #44
[mk-app] #122 compose #139 #52 #9 #70
[mk-app] #19 indent #122
[mk-app] #45 compose #31 #19
[mk-app] #118 choice #45 #32
[mk-app] #123 compose #133 #10 #133 #118
[mk-app] #134 compose #139 #68 #123 #70
[mk-app] #24 indent #134
[mk-app] #79 compose #41 #24
[mk-app] #80 compose #139 #10 #139 #45
[mk-app] #81 compose #139 #68 #80 #70
[mk-app] #124 indent #81
[mk-app] #142 compose #41 #124
[mk-app] #143 choice #142 #79
[mk-app] #144 string
[mk-app] #13 compose #139 #144 #9 #70
[mk-app] #28 indent #13
[mk-app] #38 compose #31 #28
[mk-app] #43 choice #38 #38
[mk-app] #62 compose #133 #43
[mk-app] #63 compose #139 #46 #62 #70
[mk-app] #78 indent #63
[mk-app] #84 compose #41 #78
[mk-app] #85 compose #139 #38
[mk-app] #86 compose #139 #20 #85 #70
[mk-app] #145 indent #86
[mk-app] #146 compose #41 #145
[mk-app] #147 choice #146 #84
[mk-app] #61 compose #139 #147 #9 #70
[mk-app] #72 indent #61
[mk-app] #73 compose #31 #72
[mk-app] #74 compose #139 #146 #9 #70
[mk-app] #66 indent #74
[mk-app] #71 compose #31 #66
[mk-app] #76 choice #71 #73
[mk-app] #77 compose #139 #76 #9 #70
[mk-app] #87 indent #77
[mk-app] #127 compose #31 #87
[mk-app] #128 compose #139 #71 #9 #70
[mk-app] #129 indent #128
[mk-app] #12 compose #31 #129
[mk-app] #21 choice #12 #127
[mk-app] #22 compose #139 #35 #9 #70
[mk-app] #48 indent #22
[mk-app] #55 compose #137 #10 #48
[mk-app] #75 compose #139 #130 #9 #70
[mk-app] #18 indent #75
[mk-app] #90 compose #137 #10 #18
[mk-app] #91 choice #90 #55
[mk-app] #92 compose #139 #143 #9 #70
[mk-app] #98 indent #92
[mk-app] #99 compose #137 #144 #98
[mk-app] #100 compose #139 #142 #9 #70
[mk-app] #101 indent #100
[mk-app] #106 compose #137 #144 #101
[mk-app] #107 choice #106 #99
[mk-app] #108 string
[mk-app] #113 compose #9 #70
[mk-app] #114 indent #113
[mk-app] #115 compose #137 #91
[mk-app] #50 indent #115
[mk-app] #93 compose #50 #114
[mk-app] #94 compose #137 #90
[mk-app] #95 indent #94
[mk-app] #96 compose #95 #114
[mk-app] #97 choice #96 #93
[mk-app] #102 indent #97
[mk-app] #103 compose #137 #107
[mk-app] #104 indent #103
[mk-app] #105 compose #104 #114
[mk-app] #109 compose #137 #106
[mk-app] #110 indent #109
[mk-app] #111 compose #110 #114
[mk-app] #112 choice #111 #105
[mk-app] #116 indent #112
[mk-app] #150 compose #133 #21
[mk-app] #151 indent #150
[mk-app] #152 compose #108 #102 #133 #108 #116 #151 #70 #70
[mk-app] #153 indent #152
[mk-app] #10 string
[mk-app] #137 string
[mk-app] #132 string
[mk-app] #40 string
[mk-app] #41 string
[mk-app] #3 string
[mk-app] #125 cr
[mk-app] #31 compose #125 #137 #125 #132 #125 #40
[mk-app] #139 string
[mk-app] #136 compose #139 #10 #31 #3
[mk-app] #9 indent #136
[mk-app] #70 string
[mk-app] #120 compose #70 #41
[mk-app] #140 indent #120
[mk-app] #5 compose #140 #9
[mk-app] #119 compose #139 #137 #139 #132 #139 #40
[mk-app] #57 compose #139 #10 #119 #3
[mk-app] #34 indent #57
[mk-app] #54 compose #140 #34
[mk-app] #47 choice #54 #5
[mk-app] #7 string
[mk-app] #49 compose
[mk-app] #11 compose #139 #47 #49 #3
[mk-app] #36 indent #11
[mk-app] #39 compose #70 #7
[mk-app] #135 indent #39
[mk-app] #148 compose #135 #36
[mk-app] #149 compose #139 #54 #49 #3
[mk-app] #126 indent #149
[mk-app] #130 compose #135 #126
[mk-app] #75 choice #130 #148
[mk-app] #18 string
[mk-app] #90 string
[mk-app] #94 string
[mk-app] #95 string
[mk-app] #113 compose #125 #90 #125 #94 #125 #95
[mk-app] #114 compose #139 #18 #113 #3
[mk-app] #96 indent #114
[mk-app] #4 compose #140 #96
[mk-app] #133 compose #139 #90 #139 #94 #139 #95
[mk-app] #6 compose #139 #18 #133 #3
[mk-app] #27 indent #6
[mk-app] #60 compose #140 #27
[mk-app] #23 choice #60 #4
[mk-app] #15 compose #139 #23 #49 #3
[mk-app] #64 indent #15
[mk-app] #65 compose #135 #64
[mk-app] #53 compose #139 #60 #49 #3
[mk-app] #8 indent #53
[mk-app] #141 compose #135 #8
[mk-app] #58 choice #141 #65
[mk-app] #82 string
[mk-app] #83 compose #125 #58
[mk-app] #88 compose #139 #75 #83 #3
[mk-app] #35 indent #88
[mk-app] #22 compose #70 #82
[mk-app] #48 indent #22
[mk-app] #55 compose #48 #35
[mk-app] #91 compose #139 #141
[mk-app] #115 compose #139 #130 #91 #3
[mk-app] #50 indent #115
[mk-app] #93 compose #48 #50
[mk-app] #97 choice #93 #55
[mk-app] #102 compose #139 #97 #49 #3
[mk-app] #108 indent #102
[mk-app] #144 compose #135 #108
[mk-app] #68 compose #139 #93 #49 #3
[mk-app] #26 indent #68
[mk-app] #121 compose #135 #26
[mk-app] #69 choice #121 #144
[mk-app] #30 string
[mk-app] #17 string
[mk-app] #42 string
[mk-app] #89 string
[mk-app] #59 string
[mk-app] #25 compose #125 #42 #125 #89 #125 #59
[mk-app] #52 compose #139 #17 #25 #3
[mk-app] #122 indent #52
[mk-app] #19 compose #140 #122
[mk-app] #45 compose #139 #42 #139 #89 #139 #59
[mk-app] #80 compose #139 #17 #45 #3
[mk-app] #81 indent #80
[mk-app] #124 compose #140 #81
[mk-app] #142 choice #124 #19
[mk-app] #100 compose #139 #142 #49 #3
[mk-app] #101 indent #100
[mk-app] #106 compose #135 #101
[mk-app] #109 compose #139 #124 #49 #3
[mk-app] #110 indent #109
[mk-app] #111 compose #135 #110
[mk-app] #16 choice #111 #106
[mk-app] #138 compose #125 #16
[mk-app] #56 compose #139 #30 #138 #3
[mk-app] #33 indent #56
[mk-app] #117 compose #140 #33
[mk-app] #131 compose #139 #111
[mk-app] #67 compose #139 #30 #131 #3
[mk-app] #14 indent #67
[mk-app] #44 compose #140 #14
[mk-app] #32 choice #44 #117
[mk-app] #118 compose #139 #69 #49 #3
[mk-app] #123 indent #118
[mk-app] #134 compose #70 #30 #123
[mk-app] #24 compose #139 #121 #49 #3
[mk-app] #79 indent #24
[mk-app] #143 compose #70 #30 #79
[mk-app] #92 choice #143 #134
[mk-app] #98 string
[mk-app] #99 compose #49 #3
[mk-app] #107 indent #99
[mk-app] #103 compose #70 #92
[mk-app] #104 indent #103
[mk-app] #105 compose #104 #107
[mk-app] #112 compose #70 #143
[mk-app] #116 indent #112
[mk-app] #29 compose #116 #107
[mk-app] #37 choice #29 #105
[mk-app] #51 indent #37
[mk-app] #20 compose #125 #32
[mk-app] #13 indent #20
[mk-app] #28 compose #98 #51 #13 #3
[mk-app] #38 indent #28
[mk-app] #98 string
[mk-app] #30 string
[mk-app] #70 string
[mk-app] #82 compose
[mk-app] #22 string
[mk-app] #48 compose #22 #98 #82 #70
[mk-app] #7 indent #48
[mk-app] #39 string
[mk-app] #135 compose #39 #30
[mk-app] #41 indent #135
[mk-app] #120 compose #41 #7
[mk-app] #140 choice #120 #120
[mk-app] #10 indent #140
[mk-app] #39 string
[mk-app] #30 string
[mk-app] #135 string
[mk-app] #41 compose
[mk-app] #22 string
[mk-app] #98 compose #22 #39 #41 #135
[mk-app] #82 indent #98
[mk-app] #70 string
[mk-app] #48 compose #70 #30
[mk-app] #7 indent #48
[mk-app] #120 compose #7 #82
[mk-app] #140 choice #120 #120
[mk-app] #10 indent #140
[mk-app] #70 string
[mk-app] #30 string
[mk-app] #48 string
[mk-app] #7 compose
[mk-app] #22 string
[mk-app] #39 compose #22 #70 #7 #48
[mk-app] #41 indent #39
[mk-app] #135 string
[mk-app] #98 compose #135 #30
[mk-app] #82 indent #98
[mk-app] #120 compose #82 #41
[mk-app] #140 choice #120 #120
[mk-app] #10 indent #140
[mk-app] #72 k!12
[mk-app] #75 not #72
[mk-app] #76 or #54 #72
[mk-app] #77 or #53 #72
[mk-app] #78 or #53 #54 #72
[mk-app] #79 or #45 #48 #75
[mk-app] #80 k!13
[mk-app] #81 not #80
[mk-app] #82 or #47 #80
[mk-app] #83 or #72 #80
[mk-app] #84 or #58 #75 #81
[mk-app] #85 k!14
[mk-app] #86 not #85
[mk-app] #87 or #54 #85
[mk-app] #88 or #53 #85
[mk-app] #89 or #53 #54 #85
[mk-app] #90 or #45 #48 #86
[mk-app] #91 k!15
[mk-app] #92 not #91
[mk-app] #93 or #51 #91
[mk-app] #94 or #47 #81 #85 #91
[mk-app] #95 or #58 #63 #92
[mk-app] #96 or #63 #86 #92
[mk-app] #97 or #63 #80 #92
[mk-app] #135 string
[mk-app] #30 string
[mk-app] #98 string
[mk-app] #82 compose
[mk-app] #22 string
[mk-app] #70 compose #22 #135 #82 #98
[mk-app] #7 indent #70
[mk-app] #48 string
[mk-app] #39 compose #48 #30
[mk-app] #41 indent #39
[mk-app] #120 compose #41 #7
[mk-app] #140 choice #120 #120
[mk-app] #48 string
[mk-app] #30 string
[mk-app] #39 string
[mk-app] #41 compose
[mk-app] #22 string
[mk-app] #135 compose #22 #48 #41 #39
[mk-app] #82 indent #135
[mk-app] #98 string
[mk-app] #70 compose #98 #30
[mk-app] #7 indent #70
[mk-app] #120 compose #7 #82
[mk-app] #140 choice #120 #120
[mk-app] #98 string
[mk-app] #30 string
[mk-app] #70 string
[mk-app] #7 compose
[mk-app] #22 string
[mk-app] #48 compose #22 #98 #7 #70
[mk-app] #41 indent #48
[mk-app] #39 string
[mk-app] #135 compose #39 #30
[mk-app] #82 indent #135
[mk-app] #120 compose #82 #41
[mk-app] #140 choice #120 #120
[mk-app] #39 string
[mk-app] #30 string
[mk-app] #135 string
[mk-app] #82 compose
[mk-app] #22 string
[mk-app] #98 compose #22 #39 #82 #135
[mk-app] #7 indent #98
[mk-app] #70 string
[mk-app] #48 compose #70 #30
[mk-app] #41 indent #48
[mk-app] #120 compose #41 #7
[mk-app] #140 choice #120 #120
[inst-discovered] theory-solving 0000000000000000 basic# ; #55
[mk-app] #98 = #55 #55
[instance] 0000000000000000 #98
[attach-enode] #98 0
[end-of-instance]
[mk-app] #98 or #45 #47 #48 #56 #61
[inst-discovered] theory-solving 0000000000000000 basic# ; #62
[mk-app] #99 = #62 #98
[instance] 0000000000000000 #99
[attach-enode] #99 0
[end-of-instance]
[mk-app] #99 not #98
[mk-app] #100 or #63 #99
[mk-app] #101 not #100
[mk-app] #102 not #101
[inst-discovered] theory-solving 0000000000000000 basic# ; #102
[mk-app] #103 = #102 #100
[instance] 0000000000000000 #103
[attach-enode] #103 0
[end-of-instance]
[mk-app] #70 string
[mk-app] #30 string
[mk-app] #48 string
[mk-app] #41 compose
[mk-app] #22 string
[mk-app] #39 compose #22 #70 #41 #48
[mk-app] #82 indent #39
[mk-app] #135 string
[mk-app] #98 compose #135 #30
[mk-app] #7 indent #98
[mk-app] #120 compose #7 #82
[mk-app] #140 choice #120 #120
[mk-app] #10 string
[mk-app] #137 string
[mk-app] #132 string
[mk-app] #139 compose #22 #132 #41 #48
[mk-app] #40 indent #139
[mk-app] #119 compose #7 #40
[mk-app] #3 choice #119 #119
[mk-app] #57 compose #22 #137 #41 #48
[mk-app] #34 indent #57
[mk-app] #54 compose #7 #34
[mk-app] #49 choice #54 #54
[mk-app] #149 string
[mk-app] #126 cr
[mk-app] #130 compose #126 #49
[mk-app] #18 compose #22 #3 #130 #48
[mk-app] #90 indent #18
[mk-app] #94 compose #135 #149
[mk-app] #95 indent #94
[mk-app] #133 compose #95 #90
[mk-app] #6 compose #22 #54
[mk-app] #27 compose #22 #119 #6 #48
[mk-app] #60 indent #27
[mk-app] #53 compose #95 #60
[mk-app] #8 choice #53 #133
[mk-app] #141 compose #22 #8 #41 #48
[mk-app] #91 indent #141
[mk-app] #115 compose #7 #91
[mk-app] #50 compose #22 #53 #41 #48
[mk-app] #93 indent #50
[mk-app] #68 compose #7 #93
[mk-app] #26 choice #68 #115
[mk-app] #121 compose #126 #132 #126 #26
[mk-app] #24 compose #22 #137 #121 #48
[mk-app] #79 indent #24
[mk-app] #143 compose #95 #79
[mk-app] #112 compose #22 #132 #22 #68
[mk-app] #116 compose #22 #137 #112 #48
[mk-app] #99 indent #116
[mk-app] #107 compose #95 #99
[mk-app] #29 choice #107 #143
[mk-app] #125 string
[mk-app] #31 compose #22 #10 #41 #48
[mk-app] #136 indent #31
[mk-app] #9 compose #7 #136
[mk-app] #5 choice #9 #9
[mk-app] #47 compose #22 #125 #41 #48
[mk-app] #11 indent #47
[mk-app] #36 compose #7 #11
[mk-app] #148 choice #36 #36
[mk-app] #75 compose #126 #148
[mk-app] #113 compose #22 #5 #75 #48
[mk-app] #114 indent #113
[mk-app] #96 compose #95 #114
[mk-app] #4 compose #22 #36
[mk-app] #23 compose #22 #9 #4 #48
[mk-app] #15 indent #23
[mk-app] #64 compose #95 #15
[mk-app] #65 choice #64 #96
[mk-app] #58 compose #22 #65 #41 #48
[mk-app] #83 indent #58
[mk-app] #88 compose #7 #83
[mk-app] #35 compose #22 #64 #41 #48
[mk-app] #55 indent #35
[mk-app] #97 compose #7 #55
[mk-app] #102 choice #97 #88
[mk-app] #108 compose #126 #125 #126 #102
[mk-app] #144 compose #22 #10 #108 #48
[mk-app] #69 indent #144
[mk-app] #118 compose #95 #69
[mk-app] #123 compose #22 #125 #22 #97
[mk-app] #134 compose #22 #10 #123 #48
[mk-app] #92 indent #134
[mk-app] #103 compose #95 #92
[mk-app] #104 choice #103 #118
[mk-app] #105 string
[mk-app] #37 compose #22 #105 #41 #48
[mk-app] #51 indent #37
[mk-app] #17 compose #7 #51
[mk-app] #42 choice #17 #17
[mk-app] #89 compose #126 #42
[mk-app] #59 compose #22 #140 #89 #48
[mk-app] #45 indent #59
[mk-app] #80 compose #95 #45
[mk-app] #81 compose #22 #17
[mk-app] #124 compose #22 #120 #81 #48
[mk-app] #109 indent #124
[mk-app] #110 compose #95 #109
[mk-app] #111 choice #110 #80
[mk-app] #131 compose #22 #111 #41 #48
[mk-app] #67 indent #131
[mk-app] #14 compose #7 #67
[mk-app] #44 compose #22 #110 #41 #48
[mk-app] #25 indent #44
[mk-app] #52 compose #7 #25
[mk-app] #122 choice #52 #14
[mk-app] #19 compose #22 #122 #41 #48
[mk-app] #142 indent #19
[mk-app] #100 compose #7 #142
[mk-app] #101 compose #22 #52 #41 #48
[mk-app] #106 indent #101
[mk-app] #16 compose #7 #106
[mk-app] #138 choice #16 #100
[mk-app] #56 compose #22 #29 #41 #48
[mk-app] #33 indent #56
[mk-app] #117 compose #135 #125 #33
[mk-app] #32 compose #22 #107 #41 #48
[mk-app] #20 indent #32
[mk-app] #13 compose #135 #125 #20
[mk-app] #28 choice #13 #117
[mk-app] #38 compose #22 #104 #41 #48
[mk-app] #85 indent #38
[mk-app] #86 compose #135 #105 #85
[mk-app] #145 compose #22 #103 #41 #48
[mk-app] #146 indent #145
[mk-app] #74 compose #135 #105 #146
[mk-app] #66 choice #74 #86
[mk-app] #71 string
[mk-app] #128 compose #41 #48
[mk-app] #129 indent #128
[mk-app] #12 compose #135 #28
[mk-app] #46 indent #12
[mk-app] #43 compose #46 #129
[mk-app] #62 compose #135 #13
[mk-app] #63 indent #62
[mk-app] #78 compose #63 #129
[mk-app] #84 choice #78 #43
[mk-app] #147 indent #84
[mk-app] #61 compose #135 #66
[mk-app] #72 indent #61
[mk-app] #73 compose #72 #129
[mk-app] #76 compose #135 #74
[mk-app] #77 indent #76
[mk-app] #87 compose #77 #129
[mk-app] #127 choice #87 #73
[mk-app] #21 indent #127
[mk-app] #150 compose #126 #138
[mk-app] #151 indent #150
[mk-app] #152 compose #71 #147 #126 #71 #21 #151 #48 #48
[mk-app] #125 string
[mk-app] #135 string
[mk-app] #149 string
[mk-app] #94 compose
[mk-app] #95 string
[mk-app] #30 compose #95 #125 #94 #149
[mk-app] #98 indent #30
[mk-app] #7 string
[mk-app] #22 compose #7 #135
[mk-app] #132 indent #22
[mk-app] #41 compose #132 #98
[mk-app] #48 choice #41 #41
[mk-app] #139 string
[mk-app] #40 string
[mk-app] #119 string
[mk-app] #137 compose #95 #119 #94 #149
[mk-app] #57 indent #137
[mk-app] #34 compose #132 #57
[mk-app] #54 choice #34 #34
[mk-app] #6 compose #95 #139 #94 #149
[mk-app] #27 indent #6
[mk-app] #60 compose #132 #27
[mk-app] #53 choice #60 #60
[mk-app] #50 string
[mk-app] #93 cr
[mk-app] #68 compose #93 #53
[mk-app] #112 compose #95 #54 #68 #149
[mk-app] #116 indent #112
[mk-app] #99 compose #7 #50
[mk-app] #107 indent #99
[mk-app] #32 compose #107 #116
[mk-app] #20 compose #95 #60
[mk-app] #13 compose #95 #34 #20 #149
[mk-app] #62 indent #13
[mk-app] #63 compose #107 #62
[mk-app] #128 choice #63 #32
[mk-app] #129 compose #95 #128 #94 #149
[mk-app] #78 indent #129
[mk-app] #3 compose #132 #78
[mk-app] #126 compose #95 #63 #94 #149
[mk-app] #49 indent #126
[mk-app] #130 compose #132 #49
[mk-app] #18 choice #130 #3
[mk-app] #90 compose #95 #40 #94 #149
[mk-app] #133 indent #90
[mk-app] #8 compose #132 #133
[mk-app] #141 choice #8 #8
[mk-app] #91 compose #93 #119 #93 #18
[mk-app] #115 compose #95 #139 #91 #149
[mk-app] #26 indent #115
[mk-app] #121 compose #107 #26
[mk-app] #24 compose #95 #119 #95 #130
[mk-app] #79 compose #95 #139 #24 #149
[mk-app] #143 indent #79
[mk-app] #29 compose #107 #143
[mk-app] #56 choice #29 #121
[mk-app] #33 string
[mk-app] #117 compose #95 #33 #94 #149
[mk-app] #28 indent #117
[mk-app] #12 compose #132 #28
[mk-app] #46 choice #12 #12
[mk-app] #43 compose #93 #46
[mk-app] #84 compose #95 #141 #43 #149
[mk-app] #147 indent #84
[mk-app] #71 compose #107 #147
[mk-app] #105 compose #95 #12
[mk-app] #10 compose #95 #8 #105 #149
[mk-app] #31 indent #10
[mk-app] #136 compose #107 #31
[mk-app] #9 choice #136 #71
[mk-app] #47 compose #95 #9 #94 #149
[mk-app] #11 indent #47
[mk-app] #36 compose #132 #11
[mk-app] #4 compose #95 #136 #94 #149
[mk-app] #23 indent #4
[mk-app] #15 compose #132 #23
[mk-app] #64 choice #15 #36
[mk-app] #35 compose #93 #40 #93 #119 #93 #18 #93 #64
[mk-app] #55 compose #95 #139 #35 #149
[mk-app] #97 indent #55
[mk-app] #123 compose #107 #97
[mk-app] #134 compose #95 #40 #95 #119 #95 #130 #95 #15
[mk-app] #92 compose #95 #139 #134 #149
[mk-app] #103 indent #92
[mk-app] #145 compose #107 #103
[mk-app] #146 choice #145 #123
[mk-app] #74 string
[mk-app] #76 compose #95 #74 #94 #149
[mk-app] #77 indent #76
[mk-app] #87 compose #132 #77
[mk-app] #5 choice #87 #87
[mk-app] #148 compose #93 #5
[mk-app] #75 compose #95 #48 #148 #149
[mk-app] #113 indent #75
[mk-app] #114 compose #107 #113
[mk-app] #96 compose #95 #87
[mk-app] #65 compose #95 #41 #96 #149
[mk-app] #58 indent #65
[mk-app] #83 compose #107 #58
[mk-app] #88 choice #83 #114
[mk-app] #102 compose #95 #56 #94 #149
[mk-app] #108 indent #102
[mk-app] #144 compose #7 #33 #108
[mk-app] #69 compose #95 #29 #94 #149
[mk-app] #118 indent #69
[mk-app] #104 compose #7 #33 #118
[mk-app] #38 choice #104 #144
[mk-app] #85 compose #95 #146 #94 #149
[mk-app] #86 indent #85
[mk-app] #66 compose #7 #74 #86
[mk-app] #61 compose #95 #145 #94 #149
[mk-app] #72 indent #61
[mk-app] #73 compose #7 #74 #72
[mk-app] #127 choice #73 #66
[mk-app] #21 string
[mk-app] #70 compose #94 #149
[mk-app] #39 indent #70
[mk-app] #82 compose #7 #38
[mk-app] #120 indent #82
[mk-app] #37 compose #120 #39
[mk-app] #51 compose #7 #104
[mk-app] #17 indent #51
[mk-app] #81 compose #17 #39
[mk-app] #124 choice #81 #37
[mk-app] #109 indent #124
[mk-app] #110 compose #7 #127
[mk-app] #44 indent #110
[mk-app] #25 compose #44 #39
[mk-app] #52 compose #7 #73
[mk-app] #101 indent #52
[mk-app] #106 compose #101 #39
[mk-app] #16 choice #106 #25
[mk-app] #140 indent #16
[mk-app] #42 compose #93 #88
[mk-app] #89 indent #42
[mk-app] #59 compose #21 #109 #93 #21 #140 #89 #149 #149
[mk-app] #101 or #33 #38 #42 #43 #45 #47 #48 #51
[mk-app] #102 not #101
[inst-discovered] theory-solving 0000000000000000 basic# ; #49
[mk-app] #103 = #49 #102
[instance] 0000000000000000 #103
[attach-enode] #103 0
[end-of-instance]
[mk-app] #103 not #102
[inst-discovered] theory-solving 0000000000000000 basic# ; #103
[mk-app] #104 = #103 #101
[instance] 0000000000000000 #104
[attach-enode] #104 0
[end-of-instance]
[mk-app] #102 or #33 #38 #42 #43 #45 #47 #48 #51 #74
[mk-app] #103 or #101 #74
[inst-discovered] theory-solving 0000000000000000 basic# ; #103
[mk-app] #104 = #103 #102
[instance] 0000000000000000 #104
[attach-enode] #104 0
[end-of-instance]
[mk-app] #33 string
[mk-app] #7 string
[mk-app] #50 string
[mk-app] #99 string
[mk-app] #107 string
[mk-app] #135 string
[mk-app] #22 cr
[mk-app] #132 compose #22 #7 #22 #50 #22 #99
[mk-app] #95 string
[mk-app] #119 compose #95 #33 #132 #135
[mk-app] #94 indent #119
[mk-app] #149 string
[mk-app] #137 compose #149 #107
[mk-app] #57 indent #137
[mk-app] #34 compose #57 #94
[mk-app] #139 compose #95 #7 #95 #50 #95 #99
[mk-app] #6 compose #95 #33 #139 #135
[mk-app] #27 indent #6
[mk-app] #60 compose #57 #27
[mk-app] #20 choice #60 #34
[mk-app] #13 string
[mk-app] #62 compose
[mk-app] #63 compose #95 #20 #62 #135
[mk-app] #126 indent #63
[mk-app] #49 compose #149 #13
[mk-app] #130 indent #49
[mk-app] #24 compose #130 #126
[mk-app] #79 compose #95 #60 #62 #135
[mk-app] #143 indent #79
[mk-app] #29 compose #130 #143
[mk-app] #69 choice #29 #24
[mk-app] #118 string
[mk-app] #104 string
[mk-app] #51 string
[mk-app] #17 string
[mk-app] #70 compose #22 #104 #22 #51 #22 #17
[mk-app] #39 compose #95 #118 #70 #135
[mk-app] #81 indent #39
[mk-app] #54 compose #57 #81
[mk-app] #93 compose #95 #104 #95 #51 #95 #17
[mk-app] #53 compose #95 #118 #93 #135
[mk-app] #68 indent #53
[mk-app] #112 compose #57 #68
[mk-app] #116 choice #112 #54
[mk-app] #32 compose #95 #116 #62 #135
[mk-app] #128 indent #32
[mk-app] #129 compose #130 #128
[mk-app] #78 compose #95 #112 #62 #135
[mk-app] #3 indent #78
[mk-app] #18 compose #130 #3
[mk-app] #91 choice #18 #129
[mk-app] #115 string
[mk-app] #26 compose #22 #91
[mk-app] #121 compose #95 #69 #26 #135
[mk-app] #56 indent #121
[mk-app] #102 compose #149 #115
[mk-app] #108 indent #102
[mk-app] #144 compose #108 #56
[mk-app] #38 compose #95 #18
[mk-app] #82 compose #95 #29 #38 #135
[mk-app] #120 indent #82
[mk-app] #37 compose #108 #120
[mk-app] #124 choice #37 #144
[mk-app] #109 compose #95 #124 #62 #135
[mk-app] #21 indent #109
[mk-app] #74 compose #130 #21
[mk-app] #40 compose #95 #37 #62 #135
[mk-app] #90 indent #40
[mk-app] #133 compose #130 #90
[mk-app] #8 choice #133 #74
[mk-app] #117 string
[mk-app] #28 string
[mk-app] #12 string
[mk-app] #105 string
[mk-app] #10 string
[mk-app] #31 compose #22 #12 #22 #105 #22 #10
[mk-app] #136 compose #95 #28 #31 #135
[mk-app] #4 indent #136
[mk-app] #23 compose #57 #4
[mk-app] #15 compose #95 #12 #95 #105 #95 #10
[mk-app] #134 compose #95 #28 #15 #135
[mk-app] #92 indent #134
[mk-app] #103 compose #57 #92
[mk-app] #145 choice #103 #23
[mk-app] #61 compose #95 #145 #62 #135
[mk-app] #72 indent #61
[mk-app] #73 compose #130 #72
[mk-app] #52 compose #95 #103 #62 #135
[mk-app] #101 indent #52
[mk-app] #106 compose #130 #101
[mk-app] #141 choice #106 #73
[mk-app] #46 compose #22 #141
[mk-app] #43 compose #95 #117 #46 #135
[mk-app] #84 indent #43
[mk-app] #147 compose #57 #84
[mk-app] #71 compose #95 #106
[mk-app] #9 compose #95 #117 #71 #135
[mk-app] #47 indent #9
[mk-app] #11 compose #57 #47
[mk-app] #36 choice #11 #147
[mk-app] #64 compose #95 #8 #62 #135
[mk-app] #35 indent #64
[mk-app] #55 compose #149 #117 #35
[mk-app] #97 compose #95 #133 #62 #135
[mk-app] #123 indent #97
[mk-app] #146 compose #149 #117 #123
[mk-app] #85 choice #146 #55
[mk-app] #86 string
[mk-app] #66 compose #62 #135
[mk-app] #127 indent #66
[mk-app] #110 compose #149 #85
[mk-app] #44 indent #110
[mk-app] #25 compose #44 #127
[mk-app] #16 compose #149 #146
[mk-app] #140 indent #16
[mk-app] #125 compose #140 #127
[mk-app] #30 choice #125 #25
[mk-app] #98 indent #30
[mk-app] #41 compose #22 #36
[mk-app] #76 indent #41
[mk-app] #77 compose #86 #98 #76 #135
[mk-app] #86 string
[mk-app] #117 string
[mk-app] #149 string
[mk-app] #115 string
[mk-app] #102 string
[mk-app] #108 string
[mk-app] #13 string
[mk-app] #49 string
[mk-app] #130 string
[mk-app] #107 string
[mk-app] #137 string
[mk-app] #57 string
[mk-app] #33 string
[mk-app] #7 string
[mk-app] #50 cr
[mk-app] #95 compose #50 #107 #50 #137 #50 #57
[mk-app] #99 string
[mk-app] #139 compose #99 #130 #95 #7
[mk-app] #135 indent #139
[mk-app] #6 string
[mk-app] #27 compose #6 #33
[mk-app] #60 indent #27
[mk-app] #62 compose #60 #135
[mk-app] #79 compose #99 #107 #99 #137 #99 #57
[mk-app] #143 compose #99 #130 #79 #7
[mk-app] #29 indent #143
[mk-app] #118 compose #60 #29
[mk-app] #104 choice #118 #62
[mk-app] #51 string
[mk-app] #17 compose
[mk-app] #93 compose #99 #104 #17 #7
[mk-app] #53 indent #93
[mk-app] #68 compose #6 #51
[mk-app] #112 indent #68
[mk-app] #78 compose #112 #53
[mk-app] #3 compose #99 #118 #17 #7
[mk-app] #18 indent #3
[mk-app] #38 compose #112 #18
[mk-app] #82 choice #38 #78
[mk-app] #120 compose #50 #117 #50 #149 #50 #115 #50 #102 #50 #108 #50 #13 #50 #49 #50 #82
[mk-app] #37 compose #99 #86 #120 #7
[mk-app] #40 indent #37
[mk-app] #90 compose #60 #40
[mk-app] #133 compose #99 #117 #99 #149 #99 #115 #99 #102 #99 #108 #99 #13 #99 #49 #99 #38
[mk-app] #97 compose #99 #86 #133 #7
[mk-app] #123 indent #97
[mk-app] #146 compose #60 #123
[mk-app] #16 choice #146 #90
[mk-app] #86 string
[mk-app] #117 string
[mk-app] #149 string
[mk-app] #115 compose
[mk-app] #102 string
[mk-app] #108 compose #102 #86 #115 #149
[mk-app] #13 indent #108
[mk-app] #49 string
[mk-app] #6 compose #49 #117
[mk-app] #51 indent #6
[mk-app] #68 compose #51 #13
[mk-app] #112 choice #68 #68
[mk-app] #49 string
[mk-app] #117 string
[mk-app] #6 string
[mk-app] #51 compose
[mk-app] #102 string
[mk-app] #86 compose #102 #49 #51 #6
[mk-app] #115 indent #86
[mk-app] #149 string
[mk-app] #108 compose #149 #117
[mk-app] #13 indent #108
[mk-app] #68 compose #13 #115
[mk-app] #112 choice #68 #68
[mk-app] #149 string
[mk-app] #117 string
[mk-app] #108 string
[mk-app] #13 compose
[mk-app] #102 string
[mk-app] #49 compose #102 #149 #13 #108
[mk-app] #51 indent #49
[mk-app] #6 string
[mk-app] #86 compose #6 #117
[mk-app] #115 indent #86
[mk-app] #68 compose #115 #51
[mk-app] #112 choice #68 #68
[mk-app] #6 string
[mk-app] #117 string
[mk-app] #86 string
[mk-app] #115 compose
[mk-app] #102 string
[mk-app] #149 compose #102 #6 #115 #86
[mk-app] #13 indent #149
[mk-app] #108 string
[mk-app] #49 compose #108 #117
[mk-app] #51 indent #49
[mk-app] #68 compose #51 #13
[mk-app] #112 choice #68 #68
[mk-app] #108 string
[mk-app] #117 string
[mk-app] #49 string
[mk-app] #51 compose
[mk-app] #102 string
[mk-app] #6 compose #102 #108 #51 #49
[mk-app] #115 indent #6
[mk-app] #86 string
[mk-app] #149 compose #86 #117
[mk-app] #13 indent #149
[mk-app] #68 compose #13 #115
[mk-app] #112 choice #68 #68
[mk-app] #86 string
[mk-app] #117 string
[mk-app] #149 string
[mk-app] #13 compose
[mk-app] #102 string
[mk-app] #108 compose #102 #86 #13 #149
[mk-app] #51 indent #108
[mk-app] #49 string
[mk-app] #6 compose #49 #117
[mk-app] #115 indent #6
[mk-app] #68 compose #115 #51
[mk-app] #112 choice #68 #68
[mk-app] #49 string
[mk-app] #117 string
[mk-app] #6 string
[mk-app] #115 compose
[mk-app] #102 string
[mk-app] #86 compose #102 #49 #115 #6
[mk-app] #13 indent #86
[mk-app] #149 string
[mk-app] #108 compose #149 #117
[mk-app] #51 indent #108
[mk-app] #68 compose #51 #13
[mk-app] #112 choice #68 #68
[mk-app] #33 indent #112
[mk-app] #149 string
[mk-app] #117 string
[mk-app] #108 string
[mk-app] #51 compose
[mk-app] #102 string
[mk-app] #49 compose #102 #149 #51 #108
[mk-app] #115 indent #49
[mk-app] #6 string
[mk-app] #86 compose #6 #117
[mk-app] #13 indent #86
[mk-app] #68 compose #13 #115
[mk-app] #112 choice #68 #68
[mk-app] #33 indent #112
[mk-app] #6 string
[mk-app] #117 string
[mk-app] #86 string
[mk-app] #13 compose
[mk-app] #102 string
[mk-app] #149 compose #102 #6 #13 #86
[mk-app] #51 indent #149
[mk-app] #108 string
[mk-app] #49 compose #108 #117
[mk-app] #115 indent #49
[mk-app] #68 compose #115 #51
[mk-app] #112 choice #68 #68
[mk-app] #33 string
[mk-app] #27 string
[mk-app] #60 string
[mk-app] #130 compose #102 #60 #13 #86
[mk-app] #107 indent #130
[mk-app] #137 compose #115 #107
[mk-app] #99 choice #137 #137
[mk-app] #57 compose #102 #33 #13 #86
[mk-app] #79 indent #57
[mk-app] #7 compose #115 #79
[mk-app] #143 choice #7 #7
[mk-app] #29 string
[mk-app] #118 cr
[mk-app] #17 compose #118 #143
[mk-app] #3 compose #102 #99 #17 #86
[mk-app] #18 indent #3
[mk-app] #38 compose #108 #29
[mk-app] #133 indent #38
[mk-app] #97 compose #133 #18
[mk-app] #123 compose #102 #7
[mk-app] #146 compose #102 #137 #123 #86
[mk-app] #50 indent #146
[mk-app] #95 compose #133 #50
[mk-app] #139 choice #95 #97
[mk-app] #135 compose #102 #139 #13 #86
[mk-app] #62 indent #135
[mk-app] #104 compose #115 #62
[mk-app] #93 compose #102 #95 #13 #86
[mk-app] #53 indent #93
[mk-app] #78 compose #115 #53
[mk-app] #82 choice #78 #104
[mk-app] #120 compose #102 #27 #13 #86
[mk-app] #37 indent #120
[mk-app] #40 compose #115 #37
[mk-app] #90 choice #40 #40
[mk-app] #16 compose #118 #60 #118 #82
[mk-app] #140 compose #102 #33 #16 #86
[mk-app] #66 indent #140
[mk-app] #127 compose #133 #66
[mk-app] #125 compose #102 #60 #102 #78
[mk-app] #22 compose #102 #33 #125 #86
[mk-app] #132 indent #22
[mk-app] #119 compose #133 #132
[mk-app] #94 choice #119 #127
[mk-app] #34 string
[mk-app] #20 compose #102 #34 #13 #86
[mk-app] #63 indent #20
[mk-app] #126 compose #115 #63
[mk-app] #24 choice #126 #126
[mk-app] #69 compose #118 #24
[mk-app] #70 compose #102 #90 #69 #86
[mk-app] #39 indent #70
[mk-app] #81 compose #133 #39
[mk-app] #54 compose #102 #126
[mk-app] #116 compose #102 #40 #54 #86
[mk-app] #32 indent #116
[mk-app] #128 compose #133 #32
[mk-app] #129 choice #128 #81
[mk-app] #91 compose #102 #129 #13 #86
[mk-app] #26 indent #91
[mk-app] #121 compose #115 #26
[mk-app] #56 compose #102 #128 #13 #86
[mk-app] #144 indent #56
[mk-app] #124 compose #115 #144
[mk-app] #109 choice #124 #121
[mk-app] #21 compose #118 #27 #118 #60 #118 #82 #118 #109
[mk-app] #74 compose #102 #33 #21 #86
[mk-app] #8 indent #74
[mk-app] #64 compose #133 #8
[mk-app] #35 compose #102 #27 #102 #60 #102 #78 #102 #124
[mk-app] #55 compose #102 #33 #35 #86
[mk-app] #85 indent #55
[mk-app] #110 compose #133 #85
[mk-app] #44 choice #110 #64
[mk-app] #25 string
[mk-app] #30 compose #102 #25 #13 #86
[mk-app] #98 indent #30
[mk-app] #28 compose #115 #98
[mk-app] #12 choice #28 #28
[mk-app] #105 compose #118 #12
[mk-app] #10 compose #102 #112 #105 #86
[mk-app] #15 indent #10
[mk-app] #134 compose #133 #15
[mk-app] #92 compose #102 #28
[mk-app] #103 compose #102 #68 #92 #86
[mk-app] #52 indent #103
[mk-app] #101 compose #133 #52
[mk-app] #106 choice #101 #134
[mk-app] #71 compose #102 #94 #13 #86
[mk-app] #9 indent #71
[mk-app] #47 compose #108 #34 #9
[mk-app] #11 compose #102 #119 #13 #86
[mk-app] #31 indent #11
[mk-app] #136 compose #108 #34 #31
[mk-app] #4 choice #136 #47
[mk-app] #23 compose #102 #44 #13 #86
[mk-app] #145 indent #23
[mk-app] #61 compose #108 #25 #145
[mk-app] #72 compose #102 #110 #13 #86
[mk-app] #73 indent #72
[mk-app] #141 compose #108 #25 #73
[mk-app] #46 choice #141 #61
[mk-app] #43 string
[mk-app] #84 compose #13 #86
[mk-app] #147 indent #84
[mk-app] #36 compose #108 #4
[mk-app] #41 indent #36
[mk-app] #76 compose #41 #147
[mk-app] #77 compose #108 #136
[mk-app] #87 indent #77
[mk-app] #96 compose #87 #147
[mk-app] #65 choice #96 #76
[mk-app] #58 indent #65
[mk-app] #83 compose #108 #46
[mk-app] #48 indent #83
[mk-app] #5 compose #48 #147
[mk-app] #148 compose #108 #141
[mk-app] #75 indent #148
[mk-app] #113 compose #75 #147
[mk-app] #114 choice #113 #5
[mk-app] #88 indent #114
[mk-app] #42 compose #118 #106
[mk-app] #89 indent #42
[mk-app] #59 compose #43 #58 #118 #43 #88 #89 #86 #86
[mk-app] #45 indent #59
[mk-app] #34 string
[mk-app] #108 string
[mk-app] #29 string
[mk-app] #38 string
[mk-app] #133 string
[mk-app] #117 string
[mk-app] #49 string
[mk-app] #115 string
[mk-app] #102 string
[mk-app] #60 string
[mk-app] #13 string
[mk-app] #86 string
[mk-app] #130 string
[mk-app] #107 string
[mk-app] #137 cr
[mk-app] #33 compose #137 #60 #137 #13 #137 #86
[mk-app] #57 string
[mk-app] #79 compose #57 #102 #33 #107
[mk-app] #7 indent #79
[mk-app] #123 string
[mk-app] #146 compose #123 #130
[mk-app] #50 indent #146
[mk-app] #95 compose #50 #7
[mk-app] #93 compose #57 #60 #57 #13 #57 #86
[mk-app] #53 compose #57 #102 #93 #107
[mk-app] #78 indent #53
[mk-app] #125 compose #50 #78
[mk-app] #22 choice #125 #95
[mk-app] #132 string
[mk-app] #119 compose
[mk-app] #11 compose #57 #22 #119 #107
[mk-app] #31 indent #11
[mk-app] #136 compose #123 #132
[mk-app] #77 indent #136
[mk-app] #87 compose #77 #31
[mk-app] #84 compose #57 #125 #119 #107
[mk-app] #147 indent #84
[mk-app] #96 compose #77 #147
[mk-app] #99 choice #96 #87
[mk-app] #118 compose #137 #108 #137 #29 #137 #38 #137 #133 #137 #117 #137 #49 #137 #115 #137 #99
[mk-app] #143 compose #57 #34 #118 #107
[mk-app] #17 indent #143
[mk-app] #3 compose #50 #17
[mk-app] #18 compose #57 #108 #57 #29 #57 #38 #57 #133 #57 #117 #57 #49 #57 #115 #57 #96
[mk-app] #97 compose #57 #34 #18 #107
[mk-app] #139 indent #97
[mk-app] #135 compose #50 #139
[mk-app] #62 choice #135 #3
[mk-app] #104 indent #62
[mk-app] #34 string
[mk-app] #108 string
[mk-app] #29 string
[mk-app] #38 compose
[mk-app] #133 string
[mk-app] #117 compose #133 #34 #38 #29
[mk-app] #49 indent #117
[mk-app] #115 string
[mk-app] #123 compose #115 #108
[mk-app] #132 indent #123
[mk-app] #136 compose #132 #49
[mk-app] #77 choice #136 #136
[mk-app] #130 indent #77
[mk-app] #115 string
[mk-app] #108 string
[mk-app] #123 string
[mk-app] #132 compose
[mk-app] #133 string
[mk-app] #34 compose #133 #115 #132 #123
[mk-app] #38 indent #34
[mk-app] #29 string
[mk-app] #117 compose #29 #108
[mk-app] #49 indent #117
[mk-app] #136 compose #49 #38
[mk-app] #77 choice #136 #136
[mk-app] #130 indent #77
[mk-app] #29 string
[mk-app] #108 string
[mk-app] #117 string
[mk-app] #49 compose
[mk-app] #133 string
[mk-app] #115 compose #133 #29 #49 #117
[mk-app] #132 indent #115
[mk-app] #123 string
[mk-app] #34 compose #123 #108
[mk-app] #38 indent #34
[mk-app] #136 compose #38 #132
[mk-app] #77 choice #136 #136
[mk-app] #130 indent #77
[mk-app] #101 k!16
[mk-app] #103 not #101
[mk-app] #104 or #48 #101
[mk-app] #105 or #45 #101
[mk-app] #106 or #53 #54 #103
[mk-app] #107 k!17
[mk-app] #108 not #107
[mk-app] #109 or #47 #107
[mk-app] #110 or #45 #48 #103 #107
[mk-app] #111 or #54 #58 #108
[mk-app] #112 or #53 #58 #108
[mk-app] #113 or #58 #101 #108
[mk-app] #114 k!18
[mk-app] #115 not #114
[mk-app] #116 or #48 #114
[mk-app] #117 or #45 #114
[mk-app] #118 or #53 #54 #115
[mk-app] #119 or #54 #63
[mk-app] #120 or #58 #63
[mk-app] #121 or #53 #63
[mk-app] #122 or #63 #114
[mk-app] #123 or #63 #107
[mk-app] #124 not #21
[mk-app] #125 or #33 #38 #42 #43 #45 #47 #48 #51 #124
[mk-app] #126 or #29 #33 #38 #42 #43 #45 #47 #48 #51
[mk-app] #127 or #27 #33 #38 #42 #43 #45 #47 #48 #51
[mk-app] #128 or #33 #38 #39 #42 #43 #45 #47 #48 #51
[mk-app] #123 string
[mk-app] #108 string
[mk-app] #34 string
[mk-app] #38 compose
[mk-app] #133 string
[mk-app] #29 compose #133 #123 #38 #34
[mk-app] #49 indent #29
[mk-app] #117 string
[mk-app] #115 compose #117 #108
[mk-app] #132 indent #115
[mk-app] #136 compose #132 #49
[mk-app] #77 choice #136 #136
[mk-app] #130 indent #77
[mk-app] #117 string
[mk-app] #108 string
[mk-app] #115 string
[mk-app] #132 compose
[mk-app] #133 string
[mk-app] #123 compose #133 #117 #132 #115
[mk-app] #38 indent #123
[mk-app] #34 string
[mk-app] #29 compose #34 #108
[mk-app] #49 indent #29
[mk-app] #136 compose #49 #38
[mk-app] #77 choice #136 #136
[mk-app] #130 indent #77
[mk-app] #34 string
[mk-app] #108 string
[mk-app] #29 string
[mk-app] #49 string
[mk-app] #133 cr
[mk-app] #117 compose #133 #108
[mk-app] #132 string
[mk-app] #115 compose #132 #34 #117 #49
[mk-app] #123 indent #115
[mk-app] #38 string
[mk-app] #136 compose #38 #29
[mk-app] #77 indent #136
[mk-app] #130 compose #77 #123
[mk-app] #146 compose #132 #108
[mk-app] #50 compose #132 #34 #146 #49
[mk-app] #102 indent #50
[mk-app] #60 compose #77 #102
[mk-app] #13 choice #60 #130
[mk-app] #57 indent #13
[mk-app] #38 string
[mk-app] #29 string
[mk-app] #136 string
[mk-app] #77 string
[mk-app] #34 cr
[mk-app] #132 compose #34 #29
[mk-app] #108 string
[mk-app] #146 compose #108 #38 #132 #77
[mk-app] #49 indent #146
[mk-app] #50 string
[mk-app] #102 compose #50 #136
[mk-app] #60 indent #102
[mk-app] #133 compose #60 #49
[mk-app] #117 compose #108 #29
[mk-app] #115 compose #108 #38 #117 #77
[mk-app] #123 indent #115
[mk-app] #130 compose #60 #123
[mk-app] #13 choice #130 #133
[mk-app] #57 indent #13
[mk-app] #50 string
[mk-app] #136 string
[mk-app] #102 string
[mk-app] #60 compose
[mk-app] #38 string
[mk-app] #108 compose #38 #50 #60 #102
[mk-app] #29 indent #108
[mk-app] #117 string
[mk-app] #77 compose #117 #136
[mk-app] #115 indent #77
[mk-app] #123 compose #115 #29
[mk-app] #130 choice #123 #123
[mk-app] #34 string
[mk-app] #132 compose #38 #34 #60 #102
[mk-app] #146 indent #132
[mk-app] #49 compose #115 #146
[mk-app] #133 choice #49 #49
[mk-app] #13 string
[mk-app] #57 compose #38 #13 #60 #102
[mk-app] #86 indent #57
[mk-app] #93 compose #115 #86
[mk-app] #107 choice #93 #93
[mk-app] #53 string
[mk-app] #78 cr
[mk-app] #125 compose #78 #133 #78 #107
[mk-app] #119 compose #38 #130 #125 #102
[mk-app] #84 indent #119
[mk-app] #147 compose #117 #53
[mk-app] #96 indent #147
[mk-app] #18 compose #96 #84
[mk-app] #97 compose #38 #49 #38 #93
[mk-app] #139 compose #38 #123 #97 #102
[mk-app] #135 indent #139
[mk-app] #137 compose #96 #135
[mk-app] #33 choice #137 #18
[mk-app] #79 indent #33
[mk-app] #117 string
[mk-app] #53 string
[mk-app] #147 string
[mk-app] #96 string
[mk-app] #136 cr
[mk-app] #77 compose #136 #53
[mk-app] #115 string
[mk-app] #38 compose #115 #117 #77 #96
[mk-app] #50 indent #38
[mk-app] #60 string
[mk-app] #102 compose #60 #147
[mk-app] #108 indent #102
[mk-app] #29 compose #108 #50
[mk-app] #123 compose #115 #53
[mk-app] #34 compose #115 #117 #123 #96
[mk-app] #132 indent #34
[mk-app] #146 compose #108 #132
[mk-app] #49 choice #146 #29
[mk-app] #13 indent #49
[mk-app] #60 string
[mk-app] #147 string
[mk-app] #102 string
[mk-app] #108 string
[mk-app] #117 string
[mk-app] #115 compose
[mk-app] #53 string
[mk-app] #123 compose #53 #102 #115 #117
[mk-app] #96 indent #123
[mk-app] #34 string
[mk-app] #132 compose #34 #108
[mk-app] #146 indent #132
[mk-app] #136 compose #146 #96
[mk-app] #77 choice #136 #136
[mk-app] #38 string
[mk-app] #50 string
[mk-app] #29 cr
[mk-app] #49 compose #29 #147 #29 #77 #29 #38
[mk-app] #13 compose #53 #60 #49 #117
[mk-app] #57 indent #13
[mk-app] #86 compose #34 #50
[mk-app] #93 indent #86
[mk-app] #97 compose #93 #57
[mk-app] #139 compose #53 #147 #53 #136 #53 #38
[mk-app] #135 compose #53 #60 #139 #117
[mk-app] #137 indent #135
[mk-app] #130 compose #93 #137
[mk-app] #133 choice #130 #97
[mk-app] #78 indent #133
[mk-app] #34 string
[mk-app] #50 string
[mk-app] #86 string
[mk-app] #93 compose
[mk-app] #60 string
[mk-app] #147 compose #60 #34 #93 #86
[mk-app] #108 indent #147
[mk-app] #132 string
[mk-app] #146 compose #132 #50
[mk-app] #53 indent #146
[mk-app] #102 compose #53 #108
[mk-app] #115 choice #102 #102
[mk-app] #117 string
[mk-app] #123 compose #60 #117 #93 #86
[mk-app] #96 indent #123
[mk-app] #136 compose #53 #96
[mk-app] #38 choice #136 #136
[mk-app] #139 string
[mk-app] #135 compose #60 #139 #93 #86
[mk-app] #137 indent #135
[mk-app] #130 compose #53 #137
[mk-app] #77 choice #130 #130
[mk-app] #29 string
[mk-app] #49 cr
[mk-app] #13 compose #49 #38 #49 #77
[mk-app] #57 compose #60 #115 #13 #86
[mk-app] #97 indent #57
[mk-app] #133 compose #132 #29
[mk-app] #78 indent #133
[mk-app] #107 compose #78 #97
[mk-app] #125 compose #60 #136 #60 #130
[mk-app] #119 compose #60 #102 #125 #86
[mk-app] #84 indent #119
[mk-app] #18 compose #78 #84
[mk-app] #33 choice #18 #107
[mk-app] #79 indent #33
[mk-app] #132 string
[mk-app] #29 string
[mk-app] #133 string
[mk-app] #78 compose
[mk-app] #50 string
[mk-app] #146 compose #50 #132 #78 #133
[mk-app] #53 indent #146
[mk-app] #60 string
[mk-app] #34 compose #60 #29
[mk-app] #93 indent #34
[mk-app] #86 compose #93 #53
[mk-app] #147 choice #86 #86
[mk-app] #108 string
[mk-app] #102 compose #50 #108 #78 #133
[mk-app] #117 indent #102
[mk-app] #123 compose #93 #117
[mk-app] #96 choice #123 #123
[mk-app] #136 string
[mk-app] #139 compose #50 #136 #78 #133
[mk-app] #135 indent #139
[mk-app] #137 compose #93 #135
[mk-app] #130 choice #137 #137
[mk-app] #125 string
[mk-app] #119 cr
[mk-app] #84 compose #119 #96 #119 #130
[mk-app] #18 compose #50 #147 #84 #133
[mk-app] #115 indent #18
[mk-app] #38 compose #60 #125
[mk-app] #49 indent #38
[mk-app] #77 compose #49 #115
[mk-app] #13 compose #50 #123 #50 #137
[mk-app] #57 compose #50 #86 #13 #133
[mk-app] #97 indent #57
[mk-app] #107 compose #49 #97
[mk-app] #33 choice #107 #77
[mk-app] #79 indent #33
[mk-app] #60 string
[mk-app] #125 string
[mk-app] #38 string
[mk-app] #49 compose
[mk-app] #29 string
[mk-app] #34 compose #29 #60 #49 #38
[mk-app] #93 indent #34
[mk-app] #50 string
[mk-app] #132 compose #50 #125
[mk-app] #78 indent #132
[mk-app] #133 compose #78 #93
[mk-app] #146 choice #133 #133
[mk-app] #53 string
[mk-app] #86 string
[mk-app] #108 compose #29 #86 #49 #38
[mk-app] #102 indent #108
[mk-app] #117 compose #78 #102
[mk-app] #123 choice #117 #117
[mk-app] #136 string
[mk-app] #139 cr
[mk-app] #135 compose #139 #53 #139 #123
[mk-app] #137 compose #29 #146 #135 #38
[mk-app] #13 indent #137
[mk-app] #57 compose #50 #136
[mk-app] #97 indent #57
[mk-app] #107 compose #97 #13
[mk-app] #147 compose #29 #53 #29 #117
[mk-app] #96 compose #29 #133 #147 #38
[mk-app] #119 indent #96
[mk-app] #130 compose #97 #119
[mk-app] #84 choice #130 #107
[mk-app] #18 indent #84
[mk-app] #50 string
[mk-app] #136 string
[mk-app] #57 string
[mk-app] #97 string
[mk-app] #125 cr
[mk-app] #132 compose #125 #136
[mk-app] #78 string
[mk-app] #29 compose #78 #50 #132 #97
[mk-app] #60 indent #29
[mk-app] #49 string
[mk-app] #38 compose #49 #57
[mk-app] #34 indent #38
[mk-app] #93 compose #34 #60
[mk-app] #133 compose #78 #136
[mk-app] #53 compose #78 #50 #133 #97
[mk-app] #86 indent #53
[mk-app] #108 compose #34 #86
[mk-app] #102 choice #108 #93
[mk-app] #117 indent #102
[mk-app] #49 string
[mk-app] #57 string
[mk-app] #38 string
[mk-app] #34 string
[mk-app] #50 cr
[mk-app] #78 compose #50 #57
[mk-app] #136 string
[mk-app] #133 compose #136 #49 #78 #34
[mk-app] #97 indent #133
[mk-app] #53 string
[mk-app] #86 compose #53 #38
[mk-app] #108 indent #86
[mk-app] #125 compose #108 #97
[mk-app] #132 compose #136 #57
[mk-app] #29 compose #136 #49 #132 #34
[mk-app] #60 indent #29
[mk-app] #93 compose #108 #60
[mk-app] #102 choice #93 #125
[mk-app] #117 indent #102
[mk-app] #53 string
[mk-app] #38 string
[mk-app] #86 string
[mk-app] #108 compose
[mk-app] #49 string
[mk-app] #136 compose #49 #53 #108 #86
[mk-app] #57 indent #136
[mk-app] #132 string
[mk-app] #34 compose #132 #38
[mk-app] #29 indent #34
[mk-app] #60 compose #29 #57
[mk-app] #93 choice #60 #60
[mk-app] #50 string
[mk-app] #78 compose #49 #50 #108 #86
[mk-app] #133 indent #78
[mk-app] #97 compose #29 #133
[mk-app] #125 choice #97 #97
[mk-app] #102 string
[mk-app] #117 compose #49 #102 #108 #86
[mk-app] #147 indent #117
[mk-app] #96 compose #29 #147
[mk-app] #119 choice #96 #96
[mk-app] #130 string
[mk-app] #146 cr
[mk-app] #139 compose #146 #125 #146 #119
[mk-app] #123 compose #49 #93 #139 #86
[mk-app] #135 indent #123
[mk-app] #137 compose #132 #130
[mk-app] #13 indent #137
[mk-app] #107 compose #13 #135
[mk-app] #84 compose #49 #97 #49 #96
[mk-app] #18 compose #49 #60 #84 #86
[mk-app] #115 indent #18
[mk-app] #77 compose #13 #115
[mk-app] #33 choice #77 #107
[mk-app] #79 indent #33
[mk-app] #132 string
[mk-app] #130 string
[mk-app] #137 string
[mk-app] #13 compose
[mk-app] #38 string
[mk-app] #34 compose #38 #132 #13 #137
[mk-app] #29 indent #34
[mk-app] #49 string
[mk-app] #53 compose #49 #130
[mk-app] #108 indent #53
[mk-app] #86 compose #108 #29
[mk-app] #136 choice #86 #86
[mk-app] #57 string
[mk-app] #60 compose #38 #57 #13 #137
[mk-app] #50 indent #60
[mk-app] #78 compose #108 #50
[mk-app] #133 choice #78 #78
[mk-app] #97 string
[mk-app] #102 cr
[mk-app] #117 compose #102 #133
[mk-app] #147 compose #38 #136 #117 #137
[mk-app] #96 indent #147
[mk-app] #84 compose #49 #97
[mk-app] #18 indent #84
[mk-app] #115 compose #18 #96
[mk-app] #77 compose #38 #78
[mk-app] #93 compose #38 #86 #77 #137
[mk-app] #125 indent #93
[mk-app] #146 compose #18 #125
[mk-app] #119 choice #146 #115
[mk-app] #139 indent #119
[mk-app] #49 string
[mk-app] #97 string
[mk-app] #84 string
[mk-app] #18 compose
[mk-app] #130 string
[mk-app] #53 compose #130 #49 #18 #84
[mk-app] #108 indent #53
[mk-app] #38 string
[mk-app] #132 compose #38 #97
[mk-app] #13 indent #132
[mk-app] #137 compose #13 #108
[mk-app] #34 choice #137 #137
[mk-app] #29 string
[mk-app] #86 compose #130 #29 #18 #84
[mk-app] #57 indent #86
[mk-app] #60 compose #13 #57
[mk-app] #50 choice #60 #60
[mk-app] #78 string
[mk-app] #77 cr
[mk-app] #93 compose #77 #50
[mk-app] #125 compose #130 #34 #93 #84
[mk-app] #146 indent #125
[mk-app] #136 compose #38 #78
[mk-app] #102 indent #136
[mk-app] #133 compose #102 #146
[mk-app] #117 compose #130 #60
[mk-app] #147 compose #130 #137 #117 #84
[mk-app] #96 indent #147
[mk-app] #115 compose #102 #96
[mk-app] #119 choice #115 #133
[mk-app] #139 indent #119
[mk-app] #38 string
[mk-app] #78 string
[mk-app] #136 string
[mk-app] #102 compose
[mk-app] #97 string
[mk-app] #132 compose #97 #38 #102 #136
[mk-app] #13 indent #132
[mk-app] #130 string
[mk-app] #49 compose #130 #78
[mk-app] #18 indent #49
[mk-app] #84 compose #18 #13
[mk-app] #53 choice #84 #84
[mk-app] #108 string
[mk-app] #137 compose #97 #108 #102 #136
[mk-app] #29 indent #137
[mk-app] #86 compose #18 #29
[mk-app] #57 choice #86 #86
[mk-app] #60 string
[mk-app] #117 cr
[mk-app] #147 compose #117 #57
[mk-app] #96 compose #97 #53 #147 #136
[mk-app] #115 indent #96
[mk-app] #34 compose #130 #60
[mk-app] #77 indent #34
[mk-app] #50 compose #77 #115
[mk-app] #93 compose #97 #86
[mk-app] #125 compose #97 #84 #93 #136
[mk-app] #146 indent #125
[mk-app] #133 compose #77 #146
[mk-app] #119 choice #133 #50
[mk-app] #139 indent #119
[mk-app] #130 string
[mk-app] #60 string
[mk-app] #34 string
[mk-app] #77 compose
[mk-app] #78 string
[mk-app] #49 compose #78 #130 #77 #34
[mk-app] #18 indent #49
[mk-app] #97 string
[mk-app] #38 compose #97 #60
[mk-app] #102 indent #38
[mk-app] #136 compose #102 #18
[mk-app] #132 choice #136 #136
[mk-app] #13 string
[mk-app] #84 string
[mk-app] #108 cr
[mk-app] #137 compose #108 #13
[mk-app] #29 compose #78 #132 #137 #34
[mk-app] #86 indent #29
[mk-app] #93 compose #97 #84
[mk-app] #125 indent #93
[mk-app] #146 compose #125 #86
[mk-app] #133 compose #78 #13
[mk-app] #53 compose #78 #136 #133 #34
[mk-app] #117 indent #53
[mk-app] #57 compose #125 #117
[mk-app] #147 choice #57 #146
[mk-app] #96 indent #147
[mk-app] #97 string
[mk-app] #84 string
[mk-app] #93 string
[mk-app] #125 compose
[mk-app] #60 string
[mk-app] #38 compose #60 #97 #125 #93
[mk-app] #102 indent #38
[mk-app] #78 string
[mk-app] #130 compose #78 #84
[mk-app] #77 indent #130
[mk-app] #34 compose #77 #102
[mk-app] #49 choice #34 #34
[mk-app] #18 string
[mk-app] #136 string
[mk-app] #13 cr
[mk-app] #133 compose #13 #18
[mk-app] #53 compose #60 #49 #133 #93
[mk-app] #117 indent #53
[mk-app] #57 compose #78 #136
[mk-app] #132 indent #57
[mk-app] #108 compose #132 #117
[mk-app] #137 compose #60 #18
[mk-app] #29 compose #60 #34 #137 #93
[mk-app] #86 indent #29
[mk-app] #146 compose #132 #86
[mk-app] #147 choice #146 #108
[mk-app] #96 indent #147
[mk-app] #78 string
[mk-app] #136 string
[mk-app] #57 string
[mk-app] #132 string
[mk-app] #84 string
[mk-app] #130 string
[mk-app] #77 string
[mk-app] #60 string
[mk-app] #97 string
[mk-app] #125 string
[mk-app] #93 string
[mk-app] #38 compose
[mk-app] #102 string
[mk-app] #34 compose #102 #97 #38 #93
[mk-app] #18 indent #34
[mk-app] #137 string
[mk-app] #29 compose #137 #125
[mk-app] #86 indent #29
[mk-app] #146 compose #86 #18
[mk-app] #49 choice #146 #146
[mk-app] #13 string
[mk-app] #133 cr
[mk-app] #53 compose #133 #136 #133 #57 #133 #132 #133 #84 #133 #130 #133 #77 #133 #60 #133 #49
[mk-app] #117 compose #102 #78 #53 #93
[mk-app] #108 indent #117
[mk-app] #147 compose #137 #13
[mk-app] #96 indent #147
[mk-app] #115 compose #96 #108
[mk-app] #50 compose #102 #136 #102 #57 #102 #132 #102 #84 #102 #130 #102 #77 #102 #60 #102 #146
[mk-app] #119 compose #102 #78 #50 #93
[mk-app] #139 indent #119
[mk-app] #123 compose #96 #139
[mk-app] #135 choice #123 #115
[mk-app] #107 indent #135
[mk-app] #137 string
[mk-app] #13 string
[mk-app] #147 string
[mk-app] #96 compose
[mk-app] #78 string
[mk-app] #136 compose #78 #137 #96 #147
[mk-app] #57 indent #136
[mk-app] #132 string
[mk-app] #84 compose #132 #13
[mk-app] #130 indent #84
[mk-app] #77 compose #130 #57
[mk-app] #60 choice #77 #77
[mk-app] #125 string
[mk-app] #29 string
[mk-app] #86 string
[mk-app] #102 string
[mk-app] #97 string
[mk-app] #38 string
[mk-app] #93 string
[mk-app] #34 string
[mk-app] #18 string
[mk-app] #146 cr
[mk-app] #50 compose #146 #125 #146 #29 #146 #86 #146 #102 #146 #97 #146 #38 #146 #93 #146 #34
[mk-app] #119 compose #78 #60 #50 #147
[mk-app] #139 indent #119
[mk-app] #123 compose #132 #18
[mk-app] #133 indent #123
[mk-app] #49 compose #133 #139
[mk-app] #53 compose #78 #125 #78 #29 #78 #86 #78 #102 #78 #97 #78 #38 #78 #93 #78 #34
[mk-app] #117 compose #78 #77 #53 #147
[mk-app] #108 indent #117
[mk-app] #115 compose #133 #108
[mk-app] #135 choice #115 #49
[mk-app] #107 indent #135
[mk-app] #132 string
[mk-app] #18 string
[mk-app] #123 string
[mk-app] #133 compose
[mk-app] #13 string
[mk-app] #84 compose #13 #132 #133 #123
[mk-app] #130 indent #84
[mk-app] #78 string
[mk-app] #137 compose #78 #18
[mk-app] #96 indent #137
[mk-app] #147 compose #96 #130
[mk-app] #136 choice #147 #147
[mk-app] #57 string
[mk-app] #77 string
[mk-app] #125 string
[mk-app] #29 string
[mk-app] #86 string
[mk-app] #102 string
[mk-app] #97 string
[mk-app] #38 string
[mk-app] #93 string
[mk-app] #34 cr
[mk-app] #53 compose #34 #57 #34 #77 #34 #125 #34 #29 #34 #86 #34 #102 #34 #97 #34 #38
[mk-app] #117 compose #13 #136 #53 #123
[mk-app] #108 indent #117
[mk-app] #115 compose #78 #93
[mk-app] #60 indent #115
[mk-app] #146 compose #60 #108
[mk-app] #50 compose #13 #57 #13 #77 #13 #125 #13 #29 #13 #86 #13 #102 #13 #97 #13 #38
[mk-app] #119 compose #13 #147 #50 #123
[mk-app] #139 indent #119
[mk-app] #49 compose #60 #139
[mk-app] #135 choice #49 #146
[mk-app] #107 indent #135
[mk-app] #78 string
[mk-app] #93 string
[mk-app] #115 string
[mk-app] #60 string
[mk-app] #18 string
[mk-app] #137 compose
[mk-app] #96 string
[mk-app] #13 compose #96 #115 #137 #18
[mk-app] #132 indent #13
[mk-app] #133 string
[mk-app] #123 compose #133 #60
[mk-app] #84 indent #123
[mk-app] #130 compose #84 #132
[mk-app] #147 choice #130 #130
[mk-app] #57 string
[mk-app] #77 string
[mk-app] #125 string
[mk-app] #29 string
[mk-app] #86 string
[mk-app] #102 string
[mk-app] #97 string
[mk-app] #38 cr
[mk-app] #50 compose #38 #93 #38 #147 #38 #57 #38 #77 #38 #125 #38 #29 #38 #86 #38 #102
[mk-app] #119 compose #96 #78 #50 #18
[mk-app] #139 indent #119
[mk-app] #49 compose #133 #97
[mk-app] #136 indent #49
[mk-app] #34 compose #136 #139
[mk-app] #53 compose #96 #93 #96 #130 #96 #57 #96 #77 #96 #125 #96 #29 #96 #86 #96 #102
[mk-app] #117 compose #96 #78 #53 #18
[mk-app] #108 indent #117
[mk-app] #146 compose #136 #108
[mk-app] #135 choice #146 #34
[mk-app] #107 indent #135
[mk-app] #133 string
[mk-app] #97 string
[mk-app] #49 string
[mk-app] #136 compose
[mk-app] #78 string
[mk-app] #93 compose #78 #133 #136 #49
[mk-app] #60 indent #93
[mk-app] #123 string
[mk-app] #84 compose #123 #97
[mk-app] #96 indent #84
[mk-app] #115 compose #96 #60
[mk-app] #137 choice #115 #115
[mk-app] #18 indent #137
[mk-app] #123 string
[mk-app] #97 string
[mk-app] #84 string
[mk-app] #96 compose
[mk-app] #78 string
[mk-app] #133 compose #78 #123 #96 #84
[mk-app] #136 indent #133
[mk-app] #49 string
[mk-app] #93 compose #49 #97
[mk-app] #60 indent #93
[mk-app] #115 compose #60 #136
[mk-app] #137 choice #115 #115
[mk-app] #18 indent #137
[mk-app] #49 string
[mk-app] #97 string
[mk-app] #93 string
[mk-app] #60 compose
[mk-app] #78 string
[mk-app] #123 compose #78 #49 #60 #93
[mk-app] #96 indent #123
[mk-app] #84 string
[mk-app] #133 compose #84 #97
[mk-app] #136 indent #133
[mk-app] #115 compose #136 #96
[mk-app] #137 choice #115 #115
[mk-app] #18 indent #137
[mk-app] #55 and #29 #40 #104 #105 #106 #109 #110 #111 #112 #113 #116 #117 #118 #119 #120 #121 #122 #123 #125 #126 #127 #128 #27 #39 #41
[eof]
